Using pre-set license
Built from '2020.3/staging' branch; Version is '2020.3.3f1 (76626098c1c4) revision 7758432'; Using compiler version '192528614'; Build Type 'Release'
OS: 'Windows 10 Pro; OS build 19042.985; Version 2009; 64bit' Language: 'ko' Physical Memory: 16315 MB
BatchMode: 1, IsHumanControllingUs: 0, StartBugReporterOnCrash: 0, Is64bit: 1, IsPro: 0

 COMMAND LINE ARGUMENTS:
C:\Program Files\Unity\Hub\Editor\2020.3.3f1\Editor\Unity.exe
-adb2
-batchMode
-noUpm
-name
AssetImportWorker0
-projectPath
C:/Users/DMC CONET/Desktop/fgfdjkglg
-logFile
Logs/AssetImportWorker0.log
-srvPort
63294
Successfully changed project path to: C:/Users/DMC CONET/Desktop/fgfdjkglg
C:/Users/DMC CONET/Desktop/fgfdjkglg
Using Asset Import Pipeline V2.
Refreshing native plugins compatible for Editor in 63.29 ms, found 6 plugins.
Preloading 1 native plugins for Editor in 0.83 ms.
Initialize engine version: 2020.3.3f1 (76626098c1c4)
[Subsystems] Discovering subsystems at path C:/Program Files/Unity/Hub/Editor/2020.3.3f1/Editor/Data/Resources/UnitySubsystems
[Subsystems] Discovering subsystems at path C:/Users/DMC CONET/Desktop/fgfdjkglg/Assets
GfxDevice: creating device client; threaded=0
Direct3D:
    Version:  Direct3D 11.0 [level 11.1]
    Renderer: NVIDIA GeForce GTX 1660 SUPER (ID=0x21c4)
    Vendor:   
    VRAM:     5991 MB
    Driver:   27.21.14.5751
Initialize mono
Mono path[0] = 'C:/Program Files/Unity/Hub/Editor/2020.3.3f1/Editor/Data/Managed'
Mono path[1] = 'C:/Program Files/Unity/Hub/Editor/2020.3.3f1/Editor/Data/MonoBleedingEdge/lib/mono/unityjit'
Mono config path = 'C:/Program Files/Unity/Hub/Editor/2020.3.3f1/Editor/Data/MonoBleedingEdge/etc'
Using monoOptions --debugger-agent=transport=dt_socket,embedding=1,server=y,suspend=n,address=127.0.0.1:56512
Begin MonoManager ReloadAssembly
Registering precompiled unity dll's ...
Register platform support module: C:/Program Files/Unity/Hub/Editor/2020.3.3f1/Editor/Data/PlaybackEngines/WindowsStandaloneSupport/UnityEditor.WindowsStandalone.Extensions.dll
Registered in 0.001516 seconds.
Native extension for WindowsStandalone target not found
Refreshing native plugins compatible for Editor in 56.72 ms, found 6 plugins.
Preloading 1 native plugins for Editor in 0.08 ms.
Invoked RoslynAnalysisRunner static constructor.
RoslynAnalysisRunner will not be running.
RoslynAnalysisRunner has terminated.
Mono: successfully reloaded assembly
- Completed reload, in  1.780 seconds
Platform modules already initialized, skipping
Registering precompiled user dll's ...
Registered in 0.002214 seconds.
Begin MonoManager ReloadAssembly
Native extension for WindowsStandalone target not found
Refreshing native plugins compatible for Editor in 56.79 ms, found 6 plugins.
Preloading 1 native plugins for Editor in 0.07 ms.
Invoked RoslynAnalysisRunner static constructor.
RoslynAnalysisRunner will not be running.
RoslynAnalysisRunner has terminated.
NullReferenceException: Object reference not set to an instance of an object
  at Unity.XR.Oculus.OculusLoader.AssetPathToAbsolutePath (System.String assetPath) [0x0004c] in C:\Users\DMC CONET\Documents\GitHub\VillainOst\fgfdjkglg\Library\PackageCache\com.unity.xr.oculus@1.8.1\Runtime\OculusLoader.cs:243 
  at Unity.XR.Oculus.OculusLoader.EditorLoadOVRPlugin () [0x000b0] in C:\Users\DMC CONET\Documents\GitHub\VillainOst\fgfdjkglg\Library\PackageCache\com.unity.xr.oculus@1.8.1\Runtime\OculusLoader.cs:228 

(Filename: C:/Users/DMC CONET/Documents/GitHub/VillainOst/fgfdjkglg/Library/PackageCache/com.unity.xr.oculus@1.8.1/Runtime/OculusLoader.cs Line: 243)

Mono: successfully reloaded assembly
- Completed reload, in  0.972 seconds
Platform modules already initialized, skipping
========================================================================
Worker process is ready to serve import requests
Launched and connected shader compiler UnityShaderCompiler.exe after 0.03 seconds
Refreshing native plugins compatible for Editor in 0.66 ms, found 6 plugins.
Preloading 1 native plugins for Editor in 0.08 ms.
Unloading 2075 Unused Serialized files (Serialized files now loaded: 0)
System memory in use before: 181.2 MB.
System memory in use after: 181.3 MB.

Unloading 23 unused Assets to reduce memory usage. Loaded Objects now: 2541.
Total: 2.006200 ms (FindLiveObjects: 0.225500 ms CreateObjectMapping: 0.067700 ms MarkObjects: 1.641100 ms  DeleteObjects: 0.071100 ms)

========================================================================
Received Import Request.
  path: Assets/Nokobot/ModernGuns_Handgun/Prefabs/Bullet_45mm_Bullet.prefab
  artifactKey: Guid(67c3c990b6c48af469e31db314977502) Importer(815301076,1909f56bfc062723c751e8b465ee728b)
Start importing Assets/Nokobot/ModernGuns_Handgun/Prefabs/Bullet_45mm_Bullet.prefab using Guid(67c3c990b6c48af469e31db314977502) Importer(815301076,1909f56bfc062723c751e8b465ee728b)  -> (artifact id: '42080804e9363999958f4e17674f4ce2') in 0.095246 seconds
  Import took 0.099099 seconds .

========================================================================
Received Import Request.
  Time since last request: 3.396203 seconds.
  path: Assets/Nokobot/ModernGuns_Handgun/Prefabs/Bullet_45mm_Bullet.prefab
  artifactKey: Guid(67c3c990b6c48af469e31db314977502) Importer(815301076,1909f56bfc062723c751e8b465ee728b)
Start importing Assets/Nokobot/ModernGuns_Handgun/Prefabs/Bullet_45mm_Bullet.prefab using Guid(67c3c990b6c48af469e31db314977502) Importer(815301076,1909f56bfc062723c751e8b465ee728b)  -> (artifact id: '42080804e9363999958f4e17674f4ce2') in 0.015756 seconds
  Import took 0.019408 seconds .

========================================================================
Received Prepare
Registering precompiled user dll's ...
Registered in 0.002446 seconds.
Begin MonoManager ReloadAssembly
Native extension for WindowsStandalone target not found
Refreshing native plugins compatible for Editor in 0.67 ms, found 6 plugins.
Preloading 1 native plugins for Editor in 0.08 ms.
Invoked RoslynAnalysisRunner static constructor.
RoslynAnalysisRunner will not be running.
RoslynAnalysisRunner has terminated.
NullReferenceException: Object reference not set to an instance of an object
  at Unity.XR.Oculus.OculusLoader.AssetPathToAbsolutePath (System.String assetPath) [0x0004c] in C:\Users\DMC CONET\Documents\GitHub\VillainOst\fgfdjkglg\Library\PackageCache\com.unity.xr.oculus@1.8.1\Runtime\OculusLoader.cs:243 
  at Unity.XR.Oculus.OculusLoader.EditorLoadOVRPlugin () [0x000b0] in C:\Users\DMC CONET\Documents\GitHub\VillainOst\fgfdjkglg\Library\PackageCache\com.unity.xr.oculus@1.8.1\Runtime\OculusLoader.cs:228 

(Filename: C:/Users/DMC CONET/Documents/GitHub/VillainOst/fgfdjkglg/Library/PackageCache/com.unity.xr.oculus@1.8.1/Runtime/OculusLoader.cs Line: 243)

Mono: successfully reloaded assembly
- Completed reload, in  0.873 seconds
Platform modules already initialized, skipping
Switching build target platform(5) subTarget(0) extendedPlatform(0) -> platform(13) subTarget(589824) extendedPlatform(0)
Refreshing native plugins compatible for Editor in 0.84 ms, found 6 plugins.
Preloading 1 native plugins for Editor in 0.07 ms.
Unloading 2008 Unused Serialized files (Serialized files now loaded: 0)
System memory in use before: 177.7 MB.
System memory in use after: 177.8 MB.

Unloading 12 unused Assets to reduce memory usage. Loaded Objects now: 2552.
Total: 1.826000 ms (FindLiveObjects: 0.245300 ms CreateObjectMapping: 0.066900 ms MarkObjects: 1.500500 ms  DeleteObjects: 0.012300 ms)

AssetImportParameters requested are different than current active one (requested -> active):
  custom:graphics/normal-map-encoding: 01000000000000000000000000000000 -> 02000000000000000000000000000000
========================================================================
Received Import Request.
  Time since last request: 157.042632 seconds.
  path: Assets/Prefabs/Grenade_B (3) Variant.prefab
  artifactKey: Guid(c4fcc956bb775f340812d91c11f66d18) Importer(815301076,1909f56bfc062723c751e8b465ee728b)
Start importing Assets/Prefabs/Grenade_B (3) Variant.prefab using Guid(c4fcc956bb775f340812d91c11f66d18) Importer(815301076,1909f56bfc062723c751e8b465ee728b)  -> (artifact id: '1a499e7f61f45ede7537ef8e07e118db') in 0.300349 seconds
  Import took 0.305437 seconds .

========================================================================
Received Import Request.
  Time since last request: 0.466286 seconds.
  path: Assets/Prefabs/Grenade_B (3) Variant.prefab
  artifactKey: Guid(c4fcc956bb775f340812d91c11f66d18) Importer(815301076,1909f56bfc062723c751e8b465ee728b)
Start importing Assets/Prefabs/Grenade_B (3) Variant.prefab using Guid(c4fcc956bb775f340812d91c11f66d18) Importer(815301076,1909f56bfc062723c751e8b465ee728b)  -> (artifact id: 'e8b12023f673c01eb354bf73e7a9cef2') in 0.182361 seconds
  Import took 0.188099 seconds .

========================================================================
Received Import Request.
  Time since last request: 2.578726 seconds.
  path: Assets/Prefabs/Grenade_B (3) Variant.prefab
  artifactKey: Guid(c4fcc956bb775f340812d91c11f66d18) Importer(815301076,1909f56bfc062723c751e8b465ee728b)
Start importing Assets/Prefabs/Grenade_B (3) Variant.prefab using Guid(c4fcc956bb775f340812d91c11f66d18) Importer(815301076,1909f56bfc062723c751e8b465ee728b)  -> (artifact id: '4d6cfdcca8e057d9d32de1bf2dd47046') in 0.176568 seconds
  Import took 0.181422 seconds .

========================================================================
Received Import Request.
  Time since last request: 1.728642 seconds.
  path: Assets/Prefabs/Grenade_B (3) Variant.prefab
  artifactKey: Guid(c4fcc956bb775f340812d91c11f66d18) Importer(815301076,1909f56bfc062723c751e8b465ee728b)
Start importing Assets/Prefabs/Grenade_B (3) Variant.prefab using Guid(c4fcc956bb775f340812d91c11f66d18) Importer(815301076,1909f56bfc062723c751e8b465ee728b)  -> (artifact id: 'b5e2dc97549cca34a4eb3daf1da14a4e') in 0.176231 seconds
  Import took 0.180951 seconds .

========================================================================
Received Prepare
Registering precompiled user dll's ...
Registered in 0.002317 seconds.
Begin MonoManager ReloadAssembly
Native extension for WindowsStandalone target not found
Refreshing native plugins compatible for Editor in 0.67 ms, found 6 plugins.
Preloading 1 native plugins for Editor in 0.08 ms.
Invoked RoslynAnalysisRunner static constructor.
RoslynAnalysisRunner will not be running.
RoslynAnalysisRunner has terminated.
NullReferenceException: Object reference not set to an instance of an object
  at Unity.XR.Oculus.OculusLoader.AssetPathToAbsolutePath (System.String assetPath) [0x0004c] in C:\Users\DMC CONET\Documents\GitHub\VillainOst\fgfdjkglg\Library\PackageCache\com.unity.xr.oculus@1.8.1\Runtime\OculusLoader.cs:243 
  at Unity.XR.Oculus.OculusLoader.EditorLoadOVRPlugin () [0x000b0] in C:\Users\DMC CONET\Documents\GitHub\VillainOst\fgfdjkglg\Library\PackageCache\com.unity.xr.oculus@1.8.1\Runtime\OculusLoader.cs:228 

(Filename: C:/Users/DMC CONET/Documents/GitHub/VillainOst/fgfdjkglg/Library/PackageCache/com.unity.xr.oculus@1.8.1/Runtime/OculusLoader.cs Line: 243)

Mono: successfully reloaded assembly
- Completed reload, in  0.846 seconds
Platform modules already initialized, skipping
Switching build target platform(5) subTarget(0) extendedPlatform(0) -> platform(13) subTarget(589824) extendedPlatform(0)
Refreshing native plugins compatible for Editor in 0.65 ms, found 6 plugins.
Preloading 1 native plugins for Editor in 0.07 ms.
Unloading 2008 Unused Serialized files (Serialized files now loaded: 0)
System memory in use before: 177.8 MB.
System memory in use after: 177.9 MB.

Unloading 12 unused Assets to reduce memory usage. Loaded Objects now: 2558.
Total: 1.826200 ms (FindLiveObjects: 0.219000 ms CreateObjectMapping: 0.067500 ms MarkObjects: 1.526800 ms  DeleteObjects: 0.012000 ms)

AssetImportParameters requested are different than current active one (requested -> active):
  custom:graphics/normal-map-encoding: 01000000000000000000000000000000 -> 02000000000000000000000000000000
========================================================================
Received Import Request.
  Time since last request: 124.952967 seconds.
  path: Assets/Scripts/Grenade_B.cs
  artifactKey: Guid(d82d4e5e64242b242a26fc63a8bc98ec) Importer(815301076,1909f56bfc062723c751e8b465ee728b)
Start importing Assets/Scripts/Grenade_B.cs using Guid(d82d4e5e64242b242a26fc63a8bc98ec) Importer(815301076,1909f56bfc062723c751e8b465ee728b)  -> (artifact id: '1557b1a1ceabdc3ac28cd89d28320e42') in 0.007110 seconds
  Import took 0.010820 seconds .

========================================================================
Received Import Request.
  Time since last request: 16.830147 seconds.
  path: Assets/Prefabs/Grenade_B (3) Variant.prefab
  artifactKey: Guid(c4fcc956bb775f340812d91c11f66d18) Importer(815301076,1909f56bfc062723c751e8b465ee728b)
Start importing Assets/Prefabs/Grenade_B (3) Variant.prefab using Guid(c4fcc956bb775f340812d91c11f66d18) Importer(815301076,1909f56bfc062723c751e8b465ee728b)  -> (artifact id: '64ebea352068be1e036db4c5a3ce5bac') in 0.239101 seconds
  Import took 0.242945 seconds .

========================================================================
Received Prepare
Registering precompiled user dll's ...
Registered in 0.002201 seconds.
Begin MonoManager ReloadAssembly
Native extension for WindowsStandalone target not found
Refreshing native plugins compatible for Editor in 0.69 ms, found 6 plugins.
Preloading 1 native plugins for Editor in 0.10 ms.
Invoked RoslynAnalysisRunner static constructor.
RoslynAnalysisRunner will not be running.
RoslynAnalysisRunner has terminated.
NullReferenceException: Object reference not set to an instance of an object
  at Unity.XR.Oculus.OculusLoader.AssetPathToAbsolutePath (System.String assetPath) [0x0004c] in C:\Users\DMC CONET\Documents\GitHub\VillainOst\fgfdjkglg\Library\PackageCache\com.unity.xr.oculus@1.8.1\Runtime\OculusLoader.cs:243 
  at Unity.XR.Oculus.OculusLoader.EditorLoadOVRPlugin () [0x000b0] in C:\Users\DMC CONET\Documents\GitHub\VillainOst\fgfdjkglg\Library\PackageCache\com.unity.xr.oculus@1.8.1\Runtime\OculusLoader.cs:228 

(Filename: C:/Users/DMC CONET/Documents/GitHub/VillainOst/fgfdjkglg/Library/PackageCache/com.unity.xr.oculus@1.8.1/Runtime/OculusLoader.cs Line: 243)

Mono: successfully reloaded assembly
- Completed reload, in  0.856 seconds
Platform modules already initialized, skipping
Switching build target platform(5) subTarget(0) extendedPlatform(0) -> platform(13) subTarget(589824) extendedPlatform(0)
Refreshing native plugins compatible for Editor in 0.72 ms, found 6 plugins.
Preloading 1 native plugins for Editor in 0.08 ms.
Unloading 2008 Unused Serialized files (Serialized files now loaded: 0)
System memory in use before: 177.8 MB.
System memory in use after: 178.0 MB.

Unloading 12 unused Assets to reduce memory usage. Loaded Objects now: 2563.
Total: 2.191600 ms (FindLiveObjects: 0.318700 ms CreateObjectMapping: 0.102800 ms MarkObjects: 1.754400 ms  DeleteObjects: 0.014700 ms)

AssetImportParameters requested are different than current active one (requested -> active):
  custom:graphics/normal-map-encoding: 01000000000000000000000000000000 -> 02000000000000000000000000000000
========================================================================
Received Prepare
Registering precompiled user dll's ...
Registered in 0.003041 seconds.
Begin MonoManager ReloadAssembly
Native extension for WindowsStandalone target not found
Refreshing native plugins compatible for Editor in 0.65 ms, found 6 plugins.
Preloading 1 native plugins for Editor in 0.07 ms.
Invoked RoslynAnalysisRunner static constructor.
RoslynAnalysisRunner will not be running.
RoslynAnalysisRunner has terminated.
NullReferenceException: Object reference not set to an instance of an object
  at Unity.XR.Oculus.OculusLoader.AssetPathToAbsolutePath (System.String assetPath) [0x0004c] in C:\Users\DMC CONET\Documents\GitHub\VillainOst\fgfdjkglg\Library\PackageCache\com.unity.xr.oculus@1.8.1\Runtime\OculusLoader.cs:243 
  at Unity.XR.Oculus.OculusLoader.EditorLoadOVRPlugin () [0x000b0] in C:\Users\DMC CONET\Documents\GitHub\VillainOst\fgfdjkglg\Library\PackageCache\com.unity.xr.oculus@1.8.1\Runtime\OculusLoader.cs:228 

(Filename: C:/Users/DMC CONET/Documents/GitHub/VillainOst/fgfdjkglg/Library/PackageCache/com.unity.xr.oculus@1.8.1/Runtime/OculusLoader.cs Line: 243)

Mono: successfully reloaded assembly
- Completed reload, in  0.877 seconds
Platform modules already initialized, skipping
Switching build target platform(5) subTarget(0) extendedPlatform(0) -> platform(13) subTarget(589824) extendedPlatform(0)
Refreshing native plugins compatible for Editor in 0.69 ms, found 6 plugins.
Preloading 1 native plugins for Editor in 0.07 ms.
Unloading 2008 Unused Serialized files (Serialized files now loaded: 0)
System memory in use before: 177.9 MB.
System memory in use after: 178.0 MB.

Unloading 12 unused Assets to reduce memory usage. Loaded Objects now: 2567.
Total: 2.089700 ms (FindLiveObjects: 0.219300 ms CreateObjectMapping: 0.074000 ms MarkObjects: 1.781000 ms  DeleteObjects: 0.014600 ms)

AssetImportParameters requested are different than current active one (requested -> active):
  custom:graphics/normal-map-encoding: 01000000000000000000000000000000 -> 02000000000000000000000000000000
========================================================================
Received Import Request.
  Time since last request: 230.756144 seconds.
  path: Assets/Scripts/C/MonsterCtrl2_C.cs
  artifactKey: Guid(705039916966910439a0d682449641f9) Importer(815301076,1909f56bfc062723c751e8b465ee728b)
Start importing Assets/Scripts/C/MonsterCtrl2_C.cs using Guid(705039916966910439a0d682449641f9) Importer(815301076,1909f56bfc062723c751e8b465ee728b)  -> (artifact id: 'd4c2deb9286761d673227629787c33d2') in 0.009904 seconds
  Import took 0.014611 seconds .

========================================================================
Received Import Request.
  Time since last request: 0.001434 seconds.
  path: Assets/Scripts/C/MonsterCtrl2_C.cs
  artifactKey: Guid(705039916966910439a0d682449641f9) Importer(815301076,1909f56bfc062723c751e8b465ee728b)
Start importing Assets/Scripts/C/MonsterCtrl2_C.cs using Guid(705039916966910439a0d682449641f9) Importer(815301076,1909f56bfc062723c751e8b465ee728b)  -> (artifact id: 'd4c2deb9286761d673227629787c33d2') in 0.002087 seconds
  Import took 0.005358 seconds .

========================================================================
Received Import Request.
  Time since last request: 369.513444 seconds.
  path: Assets/Scripts/C/MonsterCtrl_C.cs
  artifactKey: Guid(29f4481a30178134db85d45fba5b2dfb) Importer(815301076,1909f56bfc062723c751e8b465ee728b)
Start importing Assets/Scripts/C/MonsterCtrl_C.cs using Guid(29f4481a30178134db85d45fba5b2dfb) Importer(815301076,1909f56bfc062723c751e8b465ee728b)  -> (artifact id: '2e22bfb3ba5b4ac2eee44b6efcb62181') in 0.006100 seconds
  Import took 0.010610 seconds .

========================================================================
Received Import Request.
  Time since last request: 0.002499 seconds.
  path: Assets/Scripts/C/MonsterCtrl_C.cs
  artifactKey: Guid(29f4481a30178134db85d45fba5b2dfb) Importer(815301076,1909f56bfc062723c751e8b465ee728b)
Start importing Assets/Scripts/C/MonsterCtrl_C.cs using Guid(29f4481a30178134db85d45fba5b2dfb) Importer(815301076,1909f56bfc062723c751e8b465ee728b)  -> (artifact id: '2e22bfb3ba5b4ac2eee44b6efcb62181') in 0.001872 seconds
  Import took 0.005261 seconds .

========================================================================
Received Prepare
Registering precompiled user dll's ...
Registered in 0.002350 seconds.
Begin MonoManager ReloadAssembly
Native extension for WindowsStandalone target not found
Refreshing native plugins compatible for Editor in 0.66 ms, found 6 plugins.
Preloading 1 native plugins for Editor in 0.08 ms.
Invoked RoslynAnalysisRunner static constructor.
RoslynAnalysisRunner will not be running.
RoslynAnalysisRunner has terminated.
NullReferenceException: Object reference not set to an instance of an object
  at Unity.XR.Oculus.OculusLoader.AssetPathToAbsolutePath (System.String assetPath) [0x0004c] in C:\Users\DMC CONET\Documents\GitHub\VillainOst\fgfdjkglg\Library\PackageCache\com.unity.xr.oculus@1.8.1\Runtime\OculusLoader.cs:243 
  at Unity.XR.Oculus.OculusLoader.EditorLoadOVRPlugin () [0x000b0] in C:\Users\DMC CONET\Documents\GitHub\VillainOst\fgfdjkglg\Library\PackageCache\com.unity.xr.oculus@1.8.1\Runtime\OculusLoader.cs:228 

(Filename: C:/Users/DMC CONET/Documents/GitHub/VillainOst/fgfdjkglg/Library/PackageCache/com.unity.xr.oculus@1.8.1/Runtime/OculusLoader.cs Line: 243)

Mono: successfully reloaded assembly
- Completed reload, in  0.866 seconds
Platform modules already initialized, skipping
Switching build target platform(5) subTarget(0) extendedPlatform(0) -> platform(13) subTarget(589824) extendedPlatform(0)
Refreshing native plugins compatible for Editor in 0.66 ms, found 6 plugins.
Preloading 1 native plugins for Editor in 0.07 ms.
Unloading 2008 Unused Serialized files (Serialized files now loaded: 0)
System memory in use before: 177.9 MB.
System memory in use after: 178.0 MB.

Unloading 12 unused Assets to reduce memory usage. Loaded Objects now: 2571.
Total: 1.961600 ms (FindLiveObjects: 0.233900 ms CreateObjectMapping: 0.073600 ms MarkObjects: 1.640900 ms  DeleteObjects: 0.012600 ms)

AssetImportParameters requested are different than current active one (requested -> active):
  custom:graphics/normal-map-encoding: 01000000000000000000000000000000 -> 02000000000000000000000000000000
========================================================================
Received Prepare
Registering precompiled user dll's ...
Registered in 0.011010 seconds.
Begin MonoManager ReloadAssembly
Native extension for WindowsStandalone target not found
Refreshing native plugins compatible for Editor in 0.68 ms, found 6 plugins.
Preloading 1 native plugins for Editor in 0.08 ms.
Invoked RoslynAnalysisRunner static constructor.
RoslynAnalysisRunner will not be running.
RoslynAnalysisRunner has terminated.
NullReferenceException: Object reference not set to an instance of an object
  at Unity.XR.Oculus.OculusLoader.AssetPathToAbsolutePath (System.String assetPath) [0x0004c] in C:\Users\DMC CONET\Documents\GitHub\VillainOst\fgfdjkglg\Library\PackageCache\com.unity.xr.oculus@1.8.1\Runtime\OculusLoader.cs:243 
  at Unity.XR.Oculus.OculusLoader.EditorLoadOVRPlugin () [0x000b0] in C:\Users\DMC CONET\Documents\GitHub\VillainOst\fgfdjkglg\Library\PackageCache\com.unity.xr.oculus@1.8.1\Runtime\OculusLoader.cs:228 

(Filename: C:/Users/DMC CONET/Documents/GitHub/VillainOst/fgfdjkglg/Library/PackageCache/com.unity.xr.oculus@1.8.1/Runtime/OculusLoader.cs Line: 243)

Mono: successfully reloaded assembly
- Completed reload, in  0.890 seconds
Platform modules already initialized, skipping
Switching build target platform(5) subTarget(0) extendedPlatform(0) -> platform(13) subTarget(589824) extendedPlatform(0)
Refreshing native plugins compatible for Editor in 0.67 ms, found 6 plugins.
Preloading 1 native plugins for Editor in 0.07 ms.
Unloading 2008 Unused Serialized files (Serialized files now loaded: 0)
System memory in use before: 177.9 MB.
System memory in use after: 178.0 MB.

Unloading 12 unused Assets to reduce memory usage. Loaded Objects now: 2575.
Total: 1.843300 ms (FindLiveObjects: 0.206700 ms CreateObjectMapping: 0.068500 ms MarkObjects: 1.555000 ms  DeleteObjects: 0.012300 ms)

AssetImportParameters requested are different than current active one (requested -> active):
  custom:graphics/normal-map-encoding: 01000000000000000000000000000000 -> 02000000000000000000000000000000
========================================================================
Received Import Request.
  Time since last request: 417.345436 seconds.
  path: Assets/Scripts/C/MonsterCtrl_C.cs
  artifactKey: Guid(29f4481a30178134db85d45fba5b2dfb) Importer(815301076,1909f56bfc062723c751e8b465ee728b)
Start importing Assets/Scripts/C/MonsterCtrl_C.cs using Guid(29f4481a30178134db85d45fba5b2dfb) Importer(815301076,1909f56bfc062723c751e8b465ee728b)  -> (artifact id: 'e9a4b29b5e0d37dce6dfb8e760e5e73f') in 0.004195 seconds
  Import took 0.197190 seconds .

========================================================================
Received Import Request.
  Time since last request: 93.492726 seconds.
  path: Assets/Scripts/C/MonsterCtrl5_C.cs
  artifactKey: Guid(2a2164eddbf906f49836c8452876ee73) Importer(815301076,1909f56bfc062723c751e8b465ee728b)
Start importing Assets/Scripts/C/MonsterCtrl5_C.cs using Guid(2a2164eddbf906f49836c8452876ee73) Importer(815301076,1909f56bfc062723c751e8b465ee728b)  -> (artifact id: '514e3f621653c8d3921cc8e04b8b199f') in 0.006782 seconds
  Import took 0.010863 seconds .

========================================================================
Received Import Request.
  Time since last request: 0.001734 seconds.
  path: Assets/Scripts/C/MonsterCtrl5_C.cs
  artifactKey: Guid(2a2164eddbf906f49836c8452876ee73) Importer(815301076,1909f56bfc062723c751e8b465ee728b)
Start importing Assets/Scripts/C/MonsterCtrl5_C.cs using Guid(2a2164eddbf906f49836c8452876ee73) Importer(815301076,1909f56bfc062723c751e8b465ee728b)  -> (artifact id: '514e3f621653c8d3921cc8e04b8b199f') in 0.002025 seconds
  Import took 0.005296 seconds .

========================================================================
Received Import Request.
  Time since last request: 39.558072 seconds.
  path: Assets/Scripts/C/MonsterCtrl4_C.cs
  artifactKey: Guid(bf9b0fa2a761aa044bccaf069217e148) Importer(815301076,1909f56bfc062723c751e8b465ee728b)
Start importing Assets/Scripts/C/MonsterCtrl4_C.cs using Guid(bf9b0fa2a761aa044bccaf069217e148) Importer(815301076,1909f56bfc062723c751e8b465ee728b)  -> (artifact id: '7e8614d5d0e905d34ffe948000e30d18') in 0.005405 seconds
  Import took 0.009705 seconds .

========================================================================
Received Import Request.
  Time since last request: 0.002525 seconds.
  path: Assets/Scripts/C/MonsterCtrl4_C.cs
  artifactKey: Guid(bf9b0fa2a761aa044bccaf069217e148) Importer(815301076,1909f56bfc062723c751e8b465ee728b)
Start importing Assets/Scripts/C/MonsterCtrl4_C.cs using Guid(bf9b0fa2a761aa044bccaf069217e148) Importer(815301076,1909f56bfc062723c751e8b465ee728b)  -> (artifact id: '7e8614d5d0e905d34ffe948000e30d18') in 0.001972 seconds
  Import took 0.005333 seconds .

========================================================================
Received Import Request.
  Time since last request: 10.606007 seconds.
  path: Assets/Scripts/C/MonsterCtrl3_C.cs
  artifactKey: Guid(c8d9fc09cf3887241b43b9e42a5ad156) Importer(815301076,1909f56bfc062723c751e8b465ee728b)
Start importing Assets/Scripts/C/MonsterCtrl3_C.cs using Guid(c8d9fc09cf3887241b43b9e42a5ad156) Importer(815301076,1909f56bfc062723c751e8b465ee728b)  -> (artifact id: 'd3748feb1f832c6c3fc309a44f128dc8') in 0.006390 seconds
  Import took 0.010188 seconds .

========================================================================
Received Import Request.
  Time since last request: 0.002447 seconds.
  path: Assets/Scripts/C/MonsterCtrl3_C.cs
  artifactKey: Guid(c8d9fc09cf3887241b43b9e42a5ad156) Importer(815301076,1909f56bfc062723c751e8b465ee728b)
Start importing Assets/Scripts/C/MonsterCtrl3_C.cs using Guid(c8d9fc09cf3887241b43b9e42a5ad156) Importer(815301076,1909f56bfc062723c751e8b465ee728b)  -> (artifact id: 'd3748feb1f832c6c3fc309a44f128dc8') in 0.001978 seconds
  Import took 0.005258 seconds .

========================================================================
Received Prepare
Registering precompiled user dll's ...
Registered in 0.002380 seconds.
Begin MonoManager ReloadAssembly
Native extension for WindowsStandalone target not found
Refreshing native plugins compatible for Editor in 0.66 ms, found 6 plugins.
Preloading 1 native plugins for Editor in 0.08 ms.
Invoked RoslynAnalysisRunner static constructor.
RoslynAnalysisRunner will not be running.
RoslynAnalysisRunner has terminated.
NullReferenceException: Object reference not set to an instance of an object
  at Unity.XR.Oculus.OculusLoader.AssetPathToAbsolutePath (System.String assetPath) [0x0004c] in C:\Users\DMC CONET\Documents\GitHub\VillainOst\fgfdjkglg\Library\PackageCache\com.unity.xr.oculus@1.8.1\Runtime\OculusLoader.cs:243 
  at Unity.XR.Oculus.OculusLoader.EditorLoadOVRPlugin () [0x000b0] in C:\Users\DMC CONET\Documents\GitHub\VillainOst\fgfdjkglg\Library\PackageCache\com.unity.xr.oculus@1.8.1\Runtime\OculusLoader.cs:228 

(Filename: C:/Users/DMC CONET/Documents/GitHub/VillainOst/fgfdjkglg/Library/PackageCache/com.unity.xr.oculus@1.8.1/Runtime/OculusLoader.cs Line: 243)

Mono: successfully reloaded assembly
- Completed reload, in  0.910 seconds
Platform modules already initialized, skipping
Switching build target platform(5) subTarget(0) extendedPlatform(0) -> platform(13) subTarget(589824) extendedPlatform(0)
Refreshing native plugins compatible for Editor in 0.66 ms, found 6 plugins.
Preloading 1 native plugins for Editor in 0.08 ms.
Unloading 2008 Unused Serialized files (Serialized files now loaded: 0)
System memory in use before: 177.9 MB.
System memory in use after: 178.0 MB.

Unloading 12 unused Assets to reduce memory usage. Loaded Objects now: 2579.
Total: 2.114100 ms (FindLiveObjects: 0.251900 ms CreateObjectMapping: 0.080500 ms MarkObjects: 1.763600 ms  DeleteObjects: 0.017300 ms)

AssetImportParameters requested are different than current active one (requested -> active):
  custom:graphics/normal-map-encoding: 01000000000000000000000000000000 -> 02000000000000000000000000000000
========================================================================
Received Import Request.
  Time since last request: 16.440355 seconds.
  path: Assets/Scripts/C/MonsterCtrl3_C.cs
  artifactKey: Guid(c8d9fc09cf3887241b43b9e42a5ad156) Importer(815301076,1909f56bfc062723c751e8b465ee728b)
Start importing Assets/Scripts/C/MonsterCtrl3_C.cs using Guid(c8d9fc09cf3887241b43b9e42a5ad156) Importer(815301076,1909f56bfc062723c751e8b465ee728b)  -> (artifact id: 'fc9bf3e94cc26a28c7fcbc994c56b71e') in 0.004654 seconds
  Import took 0.008783 seconds .

========================================================================
Received Prepare
Registering precompiled user dll's ...
Registered in 0.002283 seconds.
Begin MonoManager ReloadAssembly
Native extension for WindowsStandalone target not found
Refreshing native plugins compatible for Editor in 1.53 ms, found 6 plugins.
Preloading 1 native plugins for Editor in 0.09 ms.
Invoked RoslynAnalysisRunner static constructor.
RoslynAnalysisRunner will not be running.
RoslynAnalysisRunner has terminated.
NullReferenceException: Object reference not set to an instance of an object
  at Unity.XR.Oculus.OculusLoader.AssetPathToAbsolutePath (System.String assetPath) [0x0004c] in C:\Users\DMC CONET\Documents\GitHub\VillainOst\fgfdjkglg\Library\PackageCache\com.unity.xr.oculus@1.8.1\Runtime\OculusLoader.cs:243 
  at Unity.XR.Oculus.OculusLoader.EditorLoadOVRPlugin () [0x000b0] in C:\Users\DMC CONET\Documents\GitHub\VillainOst\fgfdjkglg\Library\PackageCache\com.unity.xr.oculus@1.8.1\Runtime\OculusLoader.cs:228 

(Filename: C:/Users/DMC CONET/Documents/GitHub/VillainOst/fgfdjkglg/Library/PackageCache/com.unity.xr.oculus@1.8.1/Runtime/OculusLoader.cs Line: 243)

Mono: successfully reloaded assembly
- Completed reload, in  0.882 seconds
Platform modules already initialized, skipping
Switching build target platform(5) subTarget(0) extendedPlatform(0) -> platform(13) subTarget(589824) extendedPlatform(0)
Refreshing native plugins compatible for Editor in 0.68 ms, found 6 plugins.
Preloading 1 native plugins for Editor in 0.08 ms.
Unloading 2008 Unused Serialized files (Serialized files now loaded: 0)
System memory in use before: 177.9 MB.
System memory in use after: 178.0 MB.

Unloading 12 unused Assets to reduce memory usage. Loaded Objects now: 2583.
Total: 1.929800 ms (FindLiveObjects: 0.214400 ms CreateObjectMapping: 0.076400 ms MarkObjects: 1.624200 ms  DeleteObjects: 0.013700 ms)

AssetImportParameters requested are different than current active one (requested -> active):
  custom:graphics/normal-map-encoding: 01000000000000000000000000000000 -> 02000000000000000000000000000000
========================================================================
Received Import Request.
  Time since last request: 33.374018 seconds.
  path: Assets/Scripts/C/MonsterCtrl2_C.cs
  artifactKey: Guid(705039916966910439a0d682449641f9) Importer(815301076,1909f56bfc062723c751e8b465ee728b)
Start importing Assets/Scripts/C/MonsterCtrl2_C.cs using Guid(705039916966910439a0d682449641f9) Importer(815301076,1909f56bfc062723c751e8b465ee728b)  -> (artifact id: 'b599799605493c4da222a6b3cf839421') in 0.004754 seconds
  Import took 0.008590 seconds .

========================================================================
Received Prepare
Registering precompiled user dll's ...
Registered in 0.002193 seconds.
Begin MonoManager ReloadAssembly
Native extension for WindowsStandalone target not found
Refreshing native plugins compatible for Editor in 0.67 ms, found 6 plugins.
Preloading 1 native plugins for Editor in 0.08 ms.
Invoked RoslynAnalysisRunner static constructor.
RoslynAnalysisRunner will not be running.
RoslynAnalysisRunner has terminated.
NullReferenceException: Object reference not set to an instance of an object
  at Unity.XR.Oculus.OculusLoader.AssetPathToAbsolutePath (System.String assetPath) [0x0004c] in C:\Users\DMC CONET\Documents\GitHub\VillainOst\fgfdjkglg\Library\PackageCache\com.unity.xr.oculus@1.8.1\Runtime\OculusLoader.cs:243 
  at Unity.XR.Oculus.OculusLoader.EditorLoadOVRPlugin () [0x000b0] in C:\Users\DMC CONET\Documents\GitHub\VillainOst\fgfdjkglg\Library\PackageCache\com.unity.xr.oculus@1.8.1\Runtime\OculusLoader.cs:228 

(Filename: C:/Users/DMC CONET/Documents/GitHub/VillainOst/fgfdjkglg/Library/PackageCache/com.unity.xr.oculus@1.8.1/Runtime/OculusLoader.cs Line: 243)

Mono: successfully reloaded assembly
- Completed reload, in  0.890 seconds
Platform modules already initialized, skipping
Switching build target platform(5) subTarget(0) extendedPlatform(0) -> platform(13) subTarget(589824) extendedPlatform(0)
Refreshing native plugins compatible for Editor in 0.68 ms, found 6 plugins.
Preloading 1 native plugins for Editor in 0.07 ms.
Unloading 2008 Unused Serialized files (Serialized files now loaded: 0)
System memory in use before: 177.9 MB.
System memory in use after: 178.0 MB.

Unloading 12 unused Assets to reduce memory usage. Loaded Objects now: 2587.
Total: 1.907100 ms (FindLiveObjects: 0.202700 ms CreateObjectMapping: 0.071400 ms MarkObjects: 1.619900 ms  DeleteObjects: 0.012500 ms)

AssetImportParameters requested are different than current active one (requested -> active):
  custom:graphics/normal-map-encoding: 01000000000000000000000000000000 -> 02000000000000000000000000000000
========================================================================
Received Import Request.
  Time since last request: 248.145851 seconds.
  path: Assets/Prefabs/Grenade_B (3) Variant.prefab
  artifactKey: Guid(c4fcc956bb775f340812d91c11f66d18) Importer(815301076,1909f56bfc062723c751e8b465ee728b)
Start importing Assets/Prefabs/Grenade_B (3) Variant.prefab using Guid(c4fcc956bb775f340812d91c11f66d18) Importer(815301076,1909f56bfc062723c751e8b465ee728b)  -> (artifact id: 'e91f6fabc246bb8671a589a775fff5d2') in 0.273647 seconds
  Import took 0.278671 seconds .

========================================================================
Received Prepare
Registering precompiled user dll's ...
Registered in 0.002411 seconds.
Begin MonoManager ReloadAssembly
Native extension for WindowsStandalone target not found
Refreshing native plugins compatible for Editor in 0.68 ms, found 6 plugins.
Preloading 1 native plugins for Editor in 0.09 ms.
Invoked RoslynAnalysisRunner static constructor.
RoslynAnalysisRunner will not be running.
RoslynAnalysisRunner has terminated.
NullReferenceException: Object reference not set to an instance of an object
  at Unity.XR.Oculus.OculusLoader.AssetPathToAbsolutePath (System.String assetPath) [0x0004c] in C:\Users\DMC CONET\Documents\GitHub\VillainOst\fgfdjkglg\Library\PackageCache\com.unity.xr.oculus@1.8.1\Runtime\OculusLoader.cs:243 
  at Unity.XR.Oculus.OculusLoader.EditorLoadOVRPlugin () [0x000b0] in C:\Users\DMC CONET\Documents\GitHub\VillainOst\fgfdjkglg\Library\PackageCache\com.unity.xr.oculus@1.8.1\Runtime\OculusLoader.cs:228 

(Filename: C:/Users/DMC CONET/Documents/GitHub/VillainOst/fgfdjkglg/Library/PackageCache/com.unity.xr.oculus@1.8.1/Runtime/OculusLoader.cs Line: 243)

Mono: successfully reloaded assembly
- Completed reload, in  0.885 seconds
Platform modules already initialized, skipping
Switching build target platform(5) subTarget(0) extendedPlatform(0) -> platform(13) subTarget(589824) extendedPlatform(0)
Refreshing native plugins compatible for Editor in 0.75 ms, found 6 plugins.
Preloading 1 native plugins for Editor in 0.10 ms.
Unloading 2008 Unused Serialized files (Serialized files now loaded: 0)
System memory in use before: 177.9 MB.
System memory in use after: 178.0 MB.

Unloading 12 unused Assets to reduce memory usage. Loaded Objects now: 2592.
Total: 2.060900 ms (FindLiveObjects: 0.188300 ms CreateObjectMapping: 0.064600 ms MarkObjects: 1.793900 ms  DeleteObjects: 0.013500 ms)

AssetImportParameters requested are different than current active one (requested -> active):
  custom:graphics/normal-map-encoding: 01000000000000000000000000000000 -> 02000000000000000000000000000000
========================================================================
Received Import Request.
  Time since last request: 124.487574 seconds.
  path: Assets/Prefabs/Grenade_B (3) Variant.prefab
  artifactKey: Guid(c4fcc956bb775f340812d91c11f66d18) Importer(815301076,1909f56bfc062723c751e8b465ee728b)
Start importing Assets/Prefabs/Grenade_B (3) Variant.prefab using Guid(c4fcc956bb775f340812d91c11f66d18) Importer(815301076,1909f56bfc062723c751e8b465ee728b)  -> (artifact id: 'e501f14584efa5520507ba3d6a10cb26') in 0.256811 seconds
  Import took 0.261993 seconds .

========================================================================
Received Import Request.
  Time since last request: 3.503511 seconds.
  path: Assets/Prefabs/Grenade_B (3) Variant.prefab
  artifactKey: Guid(c4fcc956bb775f340812d91c11f66d18) Importer(815301076,1909f56bfc062723c751e8b465ee728b)
Start importing Assets/Prefabs/Grenade_B (3) Variant.prefab using Guid(c4fcc956bb775f340812d91c11f66d18) Importer(815301076,1909f56bfc062723c751e8b465ee728b)  -> (artifact id: 'cf9be85e281e94d566748574641785fa') in 0.170144 seconds
  Import took 0.175020 seconds .

========================================================================
Received Prepare
Registering precompiled user dll's ...
Registered in 0.002413 seconds.
Begin MonoManager ReloadAssembly
Native extension for WindowsStandalone target not found
Refreshing native plugins compatible for Editor in 0.77 ms, found 6 plugins.
Preloading 1 native plugins for Editor in 0.10 ms.
Invoked RoslynAnalysisRunner static constructor.
RoslynAnalysisRunner will not be running.
RoslynAnalysisRunner has terminated.
NullReferenceException: Object reference not set to an instance of an object
  at Unity.XR.Oculus.OculusLoader.AssetPathToAbsolutePath (System.String assetPath) [0x0004c] in C:\Users\DMC CONET\Documents\GitHub\VillainOst\fgfdjkglg\Library\PackageCache\com.unity.xr.oculus@1.8.1\Runtime\OculusLoader.cs:243 
  at Unity.XR.Oculus.OculusLoader.EditorLoadOVRPlugin () [0x000b0] in C:\Users\DMC CONET\Documents\GitHub\VillainOst\fgfdjkglg\Library\PackageCache\com.unity.xr.oculus@1.8.1\Runtime\OculusLoader.cs:228 

(Filename: C:/Users/DMC CONET/Documents/GitHub/VillainOst/fgfdjkglg/Library/PackageCache/com.unity.xr.oculus@1.8.1/Runtime/OculusLoader.cs Line: 243)

Mono: successfully reloaded assembly
- Completed reload, in  0.981 seconds
Platform modules already initialized, skipping
Switching build target platform(5) subTarget(0) extendedPlatform(0) -> platform(13) subTarget(589824) extendedPlatform(0)
Refreshing native plugins compatible for Editor in 0.65 ms, found 6 plugins.
Preloading 1 native plugins for Editor in 0.08 ms.
Unloading 2008 Unused Serialized files (Serialized files now loaded: 0)
System memory in use before: 177.9 MB.
System memory in use after: 178.1 MB.

Unloading 12 unused Assets to reduce memory usage. Loaded Objects now: 2597.
Total: 2.258000 ms (FindLiveObjects: 0.428800 ms CreateObjectMapping: 0.134300 ms MarkObjects: 1.681000 ms  DeleteObjects: 0.012400 ms)

AssetImportParameters requested are different than current active one (requested -> active):
  custom:graphics/normal-map-encoding: 01000000000000000000000000000000 -> 02000000000000000000000000000000
========================================================================
Received Prepare
Registering precompiled user dll's ...
Registered in 0.002333 seconds.
Begin MonoManager ReloadAssembly
Native extension for WindowsStandalone target not found
Refreshing native plugins compatible for Editor in 0.66 ms, found 6 plugins.
Preloading 1 native plugins for Editor in 0.08 ms.
Invoked RoslynAnalysisRunner static constructor.
RoslynAnalysisRunner will not be running.
RoslynAnalysisRunner has terminated.
NullReferenceException: Object reference not set to an instance of an object
  at Unity.XR.Oculus.OculusLoader.AssetPathToAbsolutePath (System.String assetPath) [0x0004c] in C:\Users\DMC CONET\Documents\GitHub\VillainOst\fgfdjkglg\Library\PackageCache\com.unity.xr.oculus@1.8.1\Runtime\OculusLoader.cs:243 
  at Unity.XR.Oculus.OculusLoader.EditorLoadOVRPlugin () [0x000b0] in C:\Users\DMC CONET\Documents\GitHub\VillainOst\fgfdjkglg\Library\PackageCache\com.unity.xr.oculus@1.8.1\Runtime\OculusLoader.cs:228 

(Filename: C:/Users/DMC CONET/Documents/GitHub/VillainOst/fgfdjkglg/Library/PackageCache/com.unity.xr.oculus@1.8.1/Runtime/OculusLoader.cs Line: 243)

Mono: successfully reloaded assembly
- Completed reload, in  0.907 seconds
Platform modules already initialized, skipping
Switching build target platform(5) subTarget(0) extendedPlatform(0) -> platform(13) subTarget(589824) extendedPlatform(0)
Refreshing native plugins compatible for Editor in 0.65 ms, found 6 plugins.
Preloading 1 native plugins for Editor in 0.07 ms.
Unloading 2008 Unused Serialized files (Serialized files now loaded: 0)
System memory in use before: 178.0 MB.
System memory in use after: 178.1 MB.

Unloading 12 unused Assets to reduce memory usage. Loaded Objects now: 2601.
Total: 1.879600 ms (FindLiveObjects: 0.231600 ms CreateObjectMapping: 0.069800 ms MarkObjects: 1.564800 ms  DeleteObjects: 0.012800 ms)

AssetImportParameters requested are different than current active one (requested -> active):
  custom:graphics/normal-map-encoding: 01000000000000000000000000000000 -> 02000000000000000000000000000000
========================================================================
Received Prepare
Registering precompiled user dll's ...
Registered in 0.002180 seconds.
Begin MonoManager ReloadAssembly
Native extension for WindowsStandalone target not found
Refreshing native plugins compatible for Editor in 0.81 ms, found 6 plugins.
Preloading 1 native plugins for Editor in 0.08 ms.
Invoked RoslynAnalysisRunner static constructor.
RoslynAnalysisRunner will not be running.
RoslynAnalysisRunner has terminated.
NullReferenceException: Object reference not set to an instance of an object
  at Unity.XR.Oculus.OculusLoader.AssetPathToAbsolutePath (System.String assetPath) [0x0004c] in C:\Users\DMC CONET\Documents\GitHub\VillainOst\fgfdjkglg\Library\PackageCache\com.unity.xr.oculus@1.8.1\Runtime\OculusLoader.cs:243 
  at Unity.XR.Oculus.OculusLoader.EditorLoadOVRPlugin () [0x000b0] in C:\Users\DMC CONET\Documents\GitHub\VillainOst\fgfdjkglg\Library\PackageCache\com.unity.xr.oculus@1.8.1\Runtime\OculusLoader.cs:228 

(Filename: C:/Users/DMC CONET/Documents/GitHub/VillainOst/fgfdjkglg/Library/PackageCache/com.unity.xr.oculus@1.8.1/Runtime/OculusLoader.cs Line: 243)

Mono: successfully reloaded assembly
- Completed reload, in  0.926 seconds
Platform modules already initialized, skipping
Switching build target platform(5) subTarget(0) extendedPlatform(0) -> platform(13) subTarget(589824) extendedPlatform(0)
Refreshing native plugins compatible for Editor in 0.73 ms, found 6 plugins.
Preloading 1 native plugins for Editor in 0.09 ms.
Unloading 2008 Unused Serialized files (Serialized files now loaded: 0)
System memory in use before: 178.0 MB.
System memory in use after: 178.1 MB.

Unloading 12 unused Assets to reduce memory usage. Loaded Objects now: 2605.
Total: 1.888100 ms (FindLiveObjects: 0.220600 ms CreateObjectMapping: 0.060300 ms MarkObjects: 1.593400 ms  DeleteObjects: 0.012900 ms)

AssetImportParameters requested are different than current active one (requested -> active):
  custom:graphics/normal-map-encoding: 01000000000000000000000000000000 -> 02000000000000000000000000000000
========================================================================
Received Prepare
Registering precompiled user dll's ...
Registered in 0.002272 seconds.
Begin MonoManager ReloadAssembly
Native extension for WindowsStandalone target not found
Refreshing native plugins compatible for Editor in 0.65 ms, found 6 plugins.
Preloading 1 native plugins for Editor in 0.08 ms.
Invoked RoslynAnalysisRunner static constructor.
RoslynAnalysisRunner will not be running.
RoslynAnalysisRunner has terminated.
NullReferenceException: Object reference not set to an instance of an object
  at Unity.XR.Oculus.OculusLoader.AssetPathToAbsolutePath (System.String assetPath) [0x0004c] in C:\Users\DMC CONET\Documents\GitHub\VillainOst\fgfdjkglg\Library\PackageCache\com.unity.xr.oculus@1.8.1\Runtime\OculusLoader.cs:243 
  at Unity.XR.Oculus.OculusLoader.EditorLoadOVRPlugin () [0x000b0] in C:\Users\DMC CONET\Documents\GitHub\VillainOst\fgfdjkglg\Library\PackageCache\com.unity.xr.oculus@1.8.1\Runtime\OculusLoader.cs:228 

(Filename: C:/Users/DMC CONET/Documents/GitHub/VillainOst/fgfdjkglg/Library/PackageCache/com.unity.xr.oculus@1.8.1/Runtime/OculusLoader.cs Line: 243)

Mono: successfully reloaded assembly
- Completed reload, in  0.909 seconds
Platform modules already initialized, skipping
Switching build target platform(5) subTarget(0) extendedPlatform(0) -> platform(13) subTarget(589824) extendedPlatform(0)
Refreshing native plugins compatible for Editor in 0.82 ms, found 6 plugins.
Preloading 1 native plugins for Editor in 0.08 ms.
Unloading 2008 Unused Serialized files (Serialized files now loaded: 0)
System memory in use before: 178.0 MB.
System memory in use after: 178.1 MB.

Unloading 12 unused Assets to reduce memory usage. Loaded Objects now: 2609.
Total: 2.401600 ms (FindLiveObjects: 0.471700 ms CreateObjectMapping: 0.178400 ms MarkObjects: 1.736800 ms  DeleteObjects: 0.013400 ms)

AssetImportParameters requested are different than current active one (requested -> active):
  custom:graphics/normal-map-encoding: 01000000000000000000000000000000 -> 02000000000000000000000000000000
========================================================================
Received Prepare
Registering precompiled user dll's ...
Registered in 0.002261 seconds.
Begin MonoManager ReloadAssembly
Native extension for WindowsStandalone target not found
Refreshing native plugins compatible for Editor in 0.71 ms, found 6 plugins.
Preloading 1 native plugins for Editor in 0.09 ms.
Invoked RoslynAnalysisRunner static constructor.
RoslynAnalysisRunner will not be running.
RoslynAnalysisRunner has terminated.
NullReferenceException: Object reference not set to an instance of an object
  at Unity.XR.Oculus.OculusLoader.AssetPathToAbsolutePath (System.String assetPath) [0x0004c] in C:\Users\DMC CONET\Documents\GitHub\VillainOst\fgfdjkglg\Library\PackageCache\com.unity.xr.oculus@1.8.1\Runtime\OculusLoader.cs:243 
  at Unity.XR.Oculus.OculusLoader.EditorLoadOVRPlugin () [0x000b0] in C:\Users\DMC CONET\Documents\GitHub\VillainOst\fgfdjkglg\Library\PackageCache\com.unity.xr.oculus@1.8.1\Runtime\OculusLoader.cs:228 

(Filename: C:/Users/DMC CONET/Documents/GitHub/VillainOst/fgfdjkglg/Library/PackageCache/com.unity.xr.oculus@1.8.1/Runtime/OculusLoader.cs Line: 243)

Mono: successfully reloaded assembly
- Completed reload, in  0.938 seconds
Platform modules already initialized, skipping
Switching build target platform(5) subTarget(0) extendedPlatform(0) -> platform(13) subTarget(589824) extendedPlatform(0)
Refreshing native plugins compatible for Editor in 0.70 ms, found 6 plugins.
Preloading 1 native plugins for Editor in 0.07 ms.
Unloading 2008 Unused Serialized files (Serialized files now loaded: 0)
System memory in use before: 178.0 MB.
System memory in use after: 178.1 MB.

Unloading 12 unused Assets to reduce memory usage. Loaded Objects now: 2613.
Total: 2.013900 ms (FindLiveObjects: 0.210500 ms CreateObjectMapping: 0.073800 ms MarkObjects: 1.715500 ms  DeleteObjects: 0.013300 ms)

AssetImportParameters requested are different than current active one (requested -> active):
  custom:graphics/normal-map-encoding: 01000000000000000000000000000000 -> 02000000000000000000000000000000
========================================================================
Received Prepare
Registering precompiled user dll's ...
Registered in 0.002245 seconds.
Begin MonoManager ReloadAssembly
Native extension for WindowsStandalone target not found
Refreshing native plugins compatible for Editor in 0.66 ms, found 6 plugins.
Preloading 1 native plugins for Editor in 0.08 ms.
Invoked RoslynAnalysisRunner static constructor.
RoslynAnalysisRunner will not be running.
RoslynAnalysisRunner has terminated.
NullReferenceException: Object reference not set to an instance of an object
  at Unity.XR.Oculus.OculusLoader.AssetPathToAbsolutePath (System.String assetPath) [0x0004c] in C:\Users\DMC CONET\Documents\GitHub\VillainOst\fgfdjkglg\Library\PackageCache\com.unity.xr.oculus@1.8.1\Runtime\OculusLoader.cs:243 
  at Unity.XR.Oculus.OculusLoader.EditorLoadOVRPlugin () [0x000b0] in C:\Users\DMC CONET\Documents\GitHub\VillainOst\fgfdjkglg\Library\PackageCache\com.unity.xr.oculus@1.8.1\Runtime\OculusLoader.cs:228 

(Filename: C:/Users/DMC CONET/Documents/GitHub/VillainOst/fgfdjkglg/Library/PackageCache/com.unity.xr.oculus@1.8.1/Runtime/OculusLoader.cs Line: 243)

Mono: successfully reloaded assembly
- Completed reload, in  0.898 seconds
Platform modules already initialized, skipping
Switching build target platform(5) subTarget(0) extendedPlatform(0) -> platform(13) subTarget(589824) extendedPlatform(0)
Refreshing native plugins compatible for Editor in 0.73 ms, found 6 plugins.
Preloading 1 native plugins for Editor in 0.09 ms.
Unloading 2008 Unused Serialized files (Serialized files now loaded: 0)
System memory in use before: 178.0 MB.
System memory in use after: 178.1 MB.

Unloading 12 unused Assets to reduce memory usage. Loaded Objects now: 2617.
Total: 2.068900 ms (FindLiveObjects: 0.296100 ms CreateObjectMapping: 0.119300 ms MarkObjects: 1.639300 ms  DeleteObjects: 0.013100 ms)

AssetImportParameters requested are different than current active one (requested -> active):
  custom:graphics/normal-map-encoding: 01000000000000000000000000000000 -> 02000000000000000000000000000000
========================================================================
Received Prepare
Registering precompiled user dll's ...
Registered in 0.002348 seconds.
Begin MonoManager ReloadAssembly
Native extension for WindowsStandalone target not found
Refreshing native plugins compatible for Editor in 0.66 ms, found 6 plugins.
Preloading 1 native plugins for Editor in 0.08 ms.
Invoked RoslynAnalysisRunner static constructor.
RoslynAnalysisRunner will not be running.
RoslynAnalysisRunner has terminated.
NullReferenceException: Object reference not set to an instance of an object
  at Unity.XR.Oculus.OculusLoader.AssetPathToAbsolutePath (System.String assetPath) [0x0004c] in C:\Users\DMC CONET\Documents\GitHub\VillainOst\fgfdjkglg\Library\PackageCache\com.unity.xr.oculus@1.8.1\Runtime\OculusLoader.cs:243 
  at Unity.XR.Oculus.OculusLoader.EditorLoadOVRPlugin () [0x000b0] in C:\Users\DMC CONET\Documents\GitHub\VillainOst\fgfdjkglg\Library\PackageCache\com.unity.xr.oculus@1.8.1\Runtime\OculusLoader.cs:228 

(Filename: C:/Users/DMC CONET/Documents/GitHub/VillainOst/fgfdjkglg/Library/PackageCache/com.unity.xr.oculus@1.8.1/Runtime/OculusLoader.cs Line: 243)

Mono: successfully reloaded assembly
- Completed reload, in  0.922 seconds
Platform modules already initialized, skipping
Switching build target platform(5) subTarget(0) extendedPlatform(0) -> platform(13) subTarget(589824) extendedPlatform(0)
Refreshing native plugins compatible for Editor in 0.67 ms, found 6 plugins.
Preloading 1 native plugins for Editor in 0.08 ms.
Unloading 2008 Unused Serialized files (Serialized files now loaded: 0)
System memory in use before: 178.0 MB.
System memory in use after: 178.1 MB.

Unloading 12 unused Assets to reduce memory usage. Loaded Objects now: 2621.
Total: 2.818100 ms (FindLiveObjects: 0.286700 ms CreateObjectMapping: 0.092100 ms MarkObjects: 2.415800 ms  DeleteObjects: 0.022100 ms)

AssetImportParameters requested are different than current active one (requested -> active):
  custom:graphics/normal-map-encoding: 01000000000000000000000000000000 -> 02000000000000000000000000000000
========================================================================
Received Prepare
Registering precompiled user dll's ...
Registered in 0.002282 seconds.
Begin MonoManager ReloadAssembly
Native extension for WindowsStandalone target not found
Refreshing native plugins compatible for Editor in 0.66 ms, found 6 plugins.
Preloading 1 native plugins for Editor in 0.09 ms.
Invoked RoslynAnalysisRunner static constructor.
RoslynAnalysisRunner will not be running.
RoslynAnalysisRunner has terminated.
NullReferenceException: Object reference not set to an instance of an object
  at Unity.XR.Oculus.OculusLoader.AssetPathToAbsolutePath (System.String assetPath) [0x0004c] in C:\Users\DMC CONET\Documents\GitHub\VillainOst\fgfdjkglg\Library\PackageCache\com.unity.xr.oculus@1.8.1\Runtime\OculusLoader.cs:243 
  at Unity.XR.Oculus.OculusLoader.EditorLoadOVRPlugin () [0x000b0] in C:\Users\DMC CONET\Documents\GitHub\VillainOst\fgfdjkglg\Library\PackageCache\com.unity.xr.oculus@1.8.1\Runtime\OculusLoader.cs:228 

(Filename: C:/Users/DMC CONET/Documents/GitHub/VillainOst/fgfdjkglg/Library/PackageCache/com.unity.xr.oculus@1.8.1/Runtime/OculusLoader.cs Line: 243)

Mono: successfully reloaded assembly
- Completed reload, in  0.919 seconds
Platform modules already initialized, skipping
Switching build target platform(5) subTarget(0) extendedPlatform(0) -> platform(13) subTarget(589824) extendedPlatform(0)
Refreshing native plugins compatible for Editor in 0.75 ms, found 6 plugins.
Preloading 1 native plugins for Editor in 0.08 ms.
Unloading 2008 Unused Serialized files (Serialized files now loaded: 0)
System memory in use before: 178.0 MB.
System memory in use after: 178.1 MB.

Unloading 12 unused Assets to reduce memory usage. Loaded Objects now: 2625.
Total: 1.891800 ms (FindLiveObjects: 0.208100 ms CreateObjectMapping: 0.068200 ms MarkObjects: 1.600900 ms  DeleteObjects: 0.013700 ms)

AssetImportParameters requested are different than current active one (requested -> active):
  custom:graphics/normal-map-encoding: 01000000000000000000000000000000 -> 02000000000000000000000000000000
========================================================================
Received Prepare
Registering precompiled user dll's ...
Registered in 0.002454 seconds.
Begin MonoManager ReloadAssembly
Native extension for WindowsStandalone target not found
Refreshing native plugins compatible for Editor in 0.68 ms, found 6 plugins.
Preloading 1 native plugins for Editor in 0.08 ms.
Invoked RoslynAnalysisRunner static constructor.
RoslynAnalysisRunner will not be running.
RoslynAnalysisRunner has terminated.
NullReferenceException: Object reference not set to an instance of an object
  at Unity.XR.Oculus.OculusLoader.AssetPathToAbsolutePath (System.String assetPath) [0x0004c] in C:\Users\DMC CONET\Documents\GitHub\VillainOst\fgfdjkglg\Library\PackageCache\com.unity.xr.oculus@1.8.1\Runtime\OculusLoader.cs:243 
  at Unity.XR.Oculus.OculusLoader.EditorLoadOVRPlugin () [0x000b0] in C:\Users\DMC CONET\Documents\GitHub\VillainOst\fgfdjkglg\Library\PackageCache\com.unity.xr.oculus@1.8.1\Runtime\OculusLoader.cs:228 

(Filename: C:/Users/DMC CONET/Documents/GitHub/VillainOst/fgfdjkglg/Library/PackageCache/com.unity.xr.oculus@1.8.1/Runtime/OculusLoader.cs Line: 243)

Mono: successfully reloaded assembly
- Completed reload, in  0.910 seconds
Platform modules already initialized, skipping
Switching build target platform(5) subTarget(0) extendedPlatform(0) -> platform(13) subTarget(589824) extendedPlatform(0)
Refreshing native plugins compatible for Editor in 0.66 ms, found 6 plugins.
Preloading 1 native plugins for Editor in 0.07 ms.
Unloading 2008 Unused Serialized files (Serialized files now loaded: 0)
System memory in use before: 178.0 MB.
System memory in use after: 178.1 MB.

Unloading 12 unused Assets to reduce memory usage. Loaded Objects now: 2629.
Total: 2.217200 ms (FindLiveObjects: 0.297800 ms CreateObjectMapping: 0.110500 ms MarkObjects: 1.795200 ms  DeleteObjects: 0.012900 ms)

AssetImportParameters requested are different than current active one (requested -> active):
  custom:graphics/normal-map-encoding: 01000000000000000000000000000000 -> 02000000000000000000000000000000
========================================================================
Received Import Request.
  Time since last request: 1560.650138 seconds.
  path: Assets/Scripts/C/PlayerCtrl_C.cs
  artifactKey: Guid(3ff77e7861bda3746a005e79b2df79a2) Importer(815301076,1909f56bfc062723c751e8b465ee728b)
Start importing Assets/Scripts/C/PlayerCtrl_C.cs using Guid(3ff77e7861bda3746a005e79b2df79a2) Importer(815301076,1909f56bfc062723c751e8b465ee728b)  -> (artifact id: '19b3f09592efc2be83eb4acbf260b8dd') in 0.008454 seconds
  Import took 0.012475 seconds .

========================================================================
Received Prepare
Registering precompiled user dll's ...
Registered in 0.002416 seconds.
Begin MonoManager ReloadAssembly
Native extension for WindowsStandalone target not found
Refreshing native plugins compatible for Editor in 0.66 ms, found 6 plugins.
Preloading 1 native plugins for Editor in 0.08 ms.
Invoked RoslynAnalysisRunner static constructor.
RoslynAnalysisRunner will not be running.
RoslynAnalysisRunner has terminated.
NullReferenceException: Object reference not set to an instance of an object
  at Unity.XR.Oculus.OculusLoader.AssetPathToAbsolutePath (System.String assetPath) [0x0004c] in C:\Users\DMC CONET\Documents\GitHub\VillainOst\fgfdjkglg\Library\PackageCache\com.unity.xr.oculus@1.8.1\Runtime\OculusLoader.cs:243 
  at Unity.XR.Oculus.OculusLoader.EditorLoadOVRPlugin () [0x000b0] in C:\Users\DMC CONET\Documents\GitHub\VillainOst\fgfdjkglg\Library\PackageCache\com.unity.xr.oculus@1.8.1\Runtime\OculusLoader.cs:228 

(Filename: C:/Users/DMC CONET/Documents/GitHub/VillainOst/fgfdjkglg/Library/PackageCache/com.unity.xr.oculus@1.8.1/Runtime/OculusLoader.cs Line: 243)

Mono: successfully reloaded assembly
- Completed reload, in  0.906 seconds
Platform modules already initialized, skipping
Switching build target platform(5) subTarget(0) extendedPlatform(0) -> platform(13) subTarget(589824) extendedPlatform(0)
Refreshing native plugins compatible for Editor in 0.65 ms, found 6 plugins.
Preloading 1 native plugins for Editor in 0.07 ms.
Unloading 2008 Unused Serialized files (Serialized files now loaded: 0)
System memory in use before: 178.0 MB.
System memory in use after: 178.2 MB.

Unloading 12 unused Assets to reduce memory usage. Loaded Objects now: 2633.
Total: 1.982600 ms (FindLiveObjects: 0.291100 ms CreateObjectMapping: 0.067100 ms MarkObjects: 1.596400 ms  DeleteObjects: 0.027200 ms)

AssetImportParameters requested are different than current active one (requested -> active):
  custom:graphics/normal-map-encoding: 01000000000000000000000000000000 -> 02000000000000000000000000000000
========================================================================
Received Prepare
Registering precompiled user dll's ...
Registered in 0.002266 seconds.
Begin MonoManager ReloadAssembly
Native extension for WindowsStandalone target not found
Refreshing native plugins compatible for Editor in 0.67 ms, found 6 plugins.
Preloading 1 native plugins for Editor in 0.08 ms.
Invoked RoslynAnalysisRunner static constructor.
RoslynAnalysisRunner will not be running.
RoslynAnalysisRunner has terminated.
NullReferenceException: Object reference not set to an instance of an object
  at Unity.XR.Oculus.OculusLoader.AssetPathToAbsolutePath (System.String assetPath) [0x0004c] in C:\Users\DMC CONET\Documents\GitHub\VillainOst\fgfdjkglg\Library\PackageCache\com.unity.xr.oculus@1.8.1\Runtime\OculusLoader.cs:243 
  at Unity.XR.Oculus.OculusLoader.EditorLoadOVRPlugin () [0x000b0] in C:\Users\DMC CONET\Documents\GitHub\VillainOst\fgfdjkglg\Library\PackageCache\com.unity.xr.oculus@1.8.1\Runtime\OculusLoader.cs:228 

(Filename: C:/Users/DMC CONET/Documents/GitHub/VillainOst/fgfdjkglg/Library/PackageCache/com.unity.xr.oculus@1.8.1/Runtime/OculusLoader.cs Line: 243)

Mono: successfully reloaded assembly
- Completed reload, in  0.924 seconds
Platform modules already initialized, skipping
Switching build target platform(5) subTarget(0) extendedPlatform(0) -> platform(13) subTarget(589824) extendedPlatform(0)
Refreshing native plugins compatible for Editor in 0.66 ms, found 6 plugins.
Preloading 1 native plugins for Editor in 0.08 ms.
Unloading 2008 Unused Serialized files (Serialized files now loaded: 0)
System memory in use before: 178.0 MB.
System memory in use after: 178.2 MB.

Unloading 12 unused Assets to reduce memory usage. Loaded Objects now: 2637.
Total: 2.035100 ms (FindLiveObjects: 0.276500 ms CreateObjectMapping: 0.090700 ms MarkObjects: 1.653200 ms  DeleteObjects: 0.013900 ms)

AssetImportParameters requested are different than current active one (requested -> active):
  custom:graphics/normal-map-encoding: 01000000000000000000000000000000 -> 02000000000000000000000000000000
========================================================================
Received Prepare
Registering precompiled user dll's ...
Registered in 0.002280 seconds.
Begin MonoManager ReloadAssembly
Native extension for WindowsStandalone target not found
Refreshing native plugins compatible for Editor in 1.16 ms, found 6 plugins.
Preloading 1 native plugins for Editor in 0.10 ms.
Invoked RoslynAnalysisRunner static constructor.
RoslynAnalysisRunner will not be running.
RoslynAnalysisRunner has terminated.
NullReferenceException: Object reference not set to an instance of an object
  at Unity.XR.Oculus.OculusLoader.AssetPathToAbsolutePath (System.String assetPath) [0x0004c] in C:\Users\DMC CONET\Documents\GitHub\VillainOst\fgfdjkglg\Library\PackageCache\com.unity.xr.oculus@1.8.1\Runtime\OculusLoader.cs:243 
  at Unity.XR.Oculus.OculusLoader.EditorLoadOVRPlugin () [0x000b0] in C:\Users\DMC CONET\Documents\GitHub\VillainOst\fgfdjkglg\Library\PackageCache\com.unity.xr.oculus@1.8.1\Runtime\OculusLoader.cs:228 

(Filename: C:/Users/DMC CONET/Documents/GitHub/VillainOst/fgfdjkglg/Library/PackageCache/com.unity.xr.oculus@1.8.1/Runtime/OculusLoader.cs Line: 243)

Mono: successfully reloaded assembly
- Completed reload, in  0.942 seconds
Platform modules already initialized, skipping
Switching build target platform(5) subTarget(0) extendedPlatform(0) -> platform(13) subTarget(589824) extendedPlatform(0)
Refreshing native plugins compatible for Editor in 0.65 ms, found 6 plugins.
Preloading 1 native plugins for Editor in 0.08 ms.
Unloading 2008 Unused Serialized files (Serialized files now loaded: 0)
System memory in use before: 178.1 MB.
System memory in use after: 178.2 MB.

Unloading 12 unused Assets to reduce memory usage. Loaded Objects now: 2641.
Total: 2.088100 ms (FindLiveObjects: 0.316800 ms CreateObjectMapping: 0.095400 ms MarkObjects: 1.662700 ms  DeleteObjects: 0.012400 ms)

AssetImportParameters requested are different than current active one (requested -> active):
  custom:graphics/normal-map-encoding: 01000000000000000000000000000000 -> 02000000000000000000000000000000
========================================================================
Received Prepare
Registering precompiled user dll's ...
Registered in 0.002277 seconds.
Begin MonoManager ReloadAssembly
Native extension for WindowsStandalone target not found
Refreshing native plugins compatible for Editor in 0.67 ms, found 6 plugins.
Preloading 1 native plugins for Editor in 0.08 ms.
Invoked RoslynAnalysisRunner static constructor.
RoslynAnalysisRunner will not be running.
RoslynAnalysisRunner has terminated.
NullReferenceException: Object reference not set to an instance of an object
  at Unity.XR.Oculus.OculusLoader.AssetPathToAbsolutePath (System.String assetPath) [0x0004c] in C:\Users\DMC CONET\Documents\GitHub\VillainOst\fgfdjkglg\Library\PackageCache\com.unity.xr.oculus@1.8.1\Runtime\OculusLoader.cs:243 
  at Unity.XR.Oculus.OculusLoader.EditorLoadOVRPlugin () [0x000b0] in C:\Users\DMC CONET\Documents\GitHub\VillainOst\fgfdjkglg\Library\PackageCache\com.unity.xr.oculus@1.8.1\Runtime\OculusLoader.cs:228 

(Filename: C:/Users/DMC CONET/Documents/GitHub/VillainOst/fgfdjkglg/Library/PackageCache/com.unity.xr.oculus@1.8.1/Runtime/OculusLoader.cs Line: 243)

Mono: successfully reloaded assembly
- Completed reload, in  0.933 seconds
Platform modules already initialized, skipping
Switching build target platform(5) subTarget(0) extendedPlatform(0) -> platform(13) subTarget(589824) extendedPlatform(0)
Refreshing native plugins compatible for Editor in 0.65 ms, found 6 plugins.
Preloading 1 native plugins for Editor in 0.07 ms.
Unloading 2008 Unused Serialized files (Serialized files now loaded: 0)
System memory in use before: 178.1 MB.
System memory in use after: 178.2 MB.

Unloading 12 unused Assets to reduce memory usage. Loaded Objects now: 2645.
Total: 2.250100 ms (FindLiveObjects: 0.363400 ms CreateObjectMapping: 0.102000 ms MarkObjects: 1.769000 ms  DeleteObjects: 0.014100 ms)

AssetImportParameters requested are different than current active one (requested -> active):
  custom:graphics/normal-map-encoding: 01000000000000000000000000000000 -> 02000000000000000000000000000000
========================================================================
Received Prepare
Registering precompiled user dll's ...
Registered in 0.002209 seconds.
Begin MonoManager ReloadAssembly
Native extension for WindowsStandalone target not found
Refreshing native plugins compatible for Editor in 0.65 ms, found 6 plugins.
Preloading 1 native plugins for Editor in 0.08 ms.
Invoked RoslynAnalysisRunner static constructor.
RoslynAnalysisRunner will not be running.
RoslynAnalysisRunner has terminated.
NullReferenceException: Object reference not set to an instance of an object
  at Unity.XR.Oculus.OculusLoader.AssetPathToAbsolutePath (System.String assetPath) [0x0004c] in C:\Users\DMC CONET\Documents\GitHub\VillainOst\fgfdjkglg\Library\PackageCache\com.unity.xr.oculus@1.8.1\Runtime\OculusLoader.cs:243 
  at Unity.XR.Oculus.OculusLoader.EditorLoadOVRPlugin () [0x000b0] in C:\Users\DMC CONET\Documents\GitHub\VillainOst\fgfdjkglg\Library\PackageCache\com.unity.xr.oculus@1.8.1\Runtime\OculusLoader.cs:228 

(Filename: C:/Users/DMC CONET/Documents/GitHub/VillainOst/fgfdjkglg/Library/PackageCache/com.unity.xr.oculus@1.8.1/Runtime/OculusLoader.cs Line: 243)

Mono: successfully reloaded assembly
- Completed reload, in  0.938 seconds
Platform modules already initialized, skipping
Switching build target platform(5) subTarget(0) extendedPlatform(0) -> platform(13) subTarget(589824) extendedPlatform(0)
Refreshing native plugins compatible for Editor in 0.74 ms, found 6 plugins.
Preloading 1 native plugins for Editor in 0.09 ms.
Unloading 2008 Unused Serialized files (Serialized files now loaded: 0)
System memory in use before: 178.1 MB.
System memory in use after: 178.2 MB.

Unloading 12 unused Assets to reduce memory usage. Loaded Objects now: 2649.
Total: 2.177400 ms (FindLiveObjects: 0.236400 ms CreateObjectMapping: 0.075500 ms MarkObjects: 1.850400 ms  DeleteObjects: 0.013900 ms)

AssetImportParameters requested are different than current active one (requested -> active):
  custom:graphics/normal-map-encoding: 01000000000000000000000000000000 -> 02000000000000000000000000000000
========================================================================
Received Prepare
Registering precompiled user dll's ...
Registered in 0.002842 seconds.
Begin MonoManager ReloadAssembly
Native extension for WindowsStandalone target not found
Refreshing native plugins compatible for Editor in 0.74 ms, found 6 plugins.
Preloading 1 native plugins for Editor in 0.09 ms.
Invoked RoslynAnalysisRunner static constructor.
RoslynAnalysisRunner will not be running.
RoslynAnalysisRunner has terminated.
NullReferenceException: Object reference not set to an instance of an object
  at Unity.XR.Oculus.OculusLoader.AssetPathToAbsolutePath (System.String assetPath) [0x0004c] in C:\Users\DMC CONET\Documents\GitHub\VillainOst\fgfdjkglg\Library\PackageCache\com.unity.xr.oculus@1.8.1\Runtime\OculusLoader.cs:243 
  at Unity.XR.Oculus.OculusLoader.EditorLoadOVRPlugin () [0x000b0] in C:\Users\DMC CONET\Documents\GitHub\VillainOst\fgfdjkglg\Library\PackageCache\com.unity.xr.oculus@1.8.1\Runtime\OculusLoader.cs:228 

(Filename: C:/Users/DMC CONET/Documents/GitHub/VillainOst/fgfdjkglg/Library/PackageCache/com.unity.xr.oculus@1.8.1/Runtime/OculusLoader.cs Line: 243)

Mono: successfully reloaded assembly
- Completed reload, in  0.967 seconds
Platform modules already initialized, skipping
Switching build target platform(5) subTarget(0) extendedPlatform(0) -> platform(13) subTarget(589824) extendedPlatform(0)
Refreshing native plugins compatible for Editor in 0.69 ms, found 6 plugins.
Preloading 1 native plugins for Editor in 0.08 ms.
Unloading 2008 Unused Serialized files (Serialized files now loaded: 0)
System memory in use before: 178.1 MB.
System memory in use after: 178.2 MB.

Unloading 12 unused Assets to reduce memory usage. Loaded Objects now: 2653.
Total: 2.201300 ms (FindLiveObjects: 0.420000 ms CreateObjectMapping: 0.082000 ms MarkObjects: 1.684000 ms  DeleteObjects: 0.014300 ms)

AssetImportParameters requested are different than current active one (requested -> active):
  custom:graphics/normal-map-encoding: 01000000000000000000000000000000 -> 02000000000000000000000000000000
========================================================================
Received Prepare
Registering precompiled user dll's ...
Registered in 0.002350 seconds.
Begin MonoManager ReloadAssembly
Native extension for WindowsStandalone target not found
Refreshing native plugins compatible for Editor in 0.67 ms, found 6 plugins.
Preloading 1 native plugins for Editor in 0.08 ms.
Invoked RoslynAnalysisRunner static constructor.
RoslynAnalysisRunner will not be running.
RoslynAnalysisRunner has terminated.
NullReferenceException: Object reference not set to an instance of an object
  at Unity.XR.Oculus.OculusLoader.AssetPathToAbsolutePath (System.String assetPath) [0x0004c] in C:\Users\DMC CONET\Documents\GitHub\VillainOst\fgfdjkglg\Library\PackageCache\com.unity.xr.oculus@1.8.1\Runtime\OculusLoader.cs:243 
  at Unity.XR.Oculus.OculusLoader.EditorLoadOVRPlugin () [0x000b0] in C:\Users\DMC CONET\Documents\GitHub\VillainOst\fgfdjkglg\Library\PackageCache\com.unity.xr.oculus@1.8.1\Runtime\OculusLoader.cs:228 

(Filename: C:/Users/DMC CONET/Documents/GitHub/VillainOst/fgfdjkglg/Library/PackageCache/com.unity.xr.oculus@1.8.1/Runtime/OculusLoader.cs Line: 243)

Mono: successfully reloaded assembly
- Completed reload, in  0.992 seconds
Platform modules already initialized, skipping
Switching build target platform(5) subTarget(0) extendedPlatform(0) -> platform(13) subTarget(589824) extendedPlatform(0)
Refreshing native plugins compatible for Editor in 0.80 ms, found 6 plugins.
Preloading 1 native plugins for Editor in 0.10 ms.
Unloading 2008 Unused Serialized files (Serialized files now loaded: 0)
System memory in use before: 178.1 MB.
System memory in use after: 178.2 MB.

Unloading 12 unused Assets to reduce memory usage. Loaded Objects now: 2657.
Total: 2.108800 ms (FindLiveObjects: 0.296800 ms CreateObjectMapping: 0.113200 ms MarkObjects: 1.682900 ms  DeleteObjects: 0.014500 ms)

AssetImportParameters requested are different than current active one (requested -> active):
  custom:graphics/normal-map-encoding: 01000000000000000000000000000000 -> 02000000000000000000000000000000
========================================================================
Received Prepare
Registering precompiled user dll's ...
Registered in 0.002225 seconds.
Begin MonoManager ReloadAssembly
Native extension for WindowsStandalone target not found
Refreshing native plugins compatible for Editor in 0.75 ms, found 6 plugins.
Preloading 1 native plugins for Editor in 0.10 ms.
Invoked RoslynAnalysisRunner static constructor.
RoslynAnalysisRunner will not be running.
RoslynAnalysisRunner has terminated.
NullReferenceException: Object reference not set to an instance of an object
  at Unity.XR.Oculus.OculusLoader.AssetPathToAbsolutePath (System.String assetPath) [0x0004c] in C:\Users\DMC CONET\Documents\GitHub\VillainOst\fgfdjkglg\Library\PackageCache\com.unity.xr.oculus@1.8.1\Runtime\OculusLoader.cs:243 
  at Unity.XR.Oculus.OculusLoader.EditorLoadOVRPlugin () [0x000b0] in C:\Users\DMC CONET\Documents\GitHub\VillainOst\fgfdjkglg\Library\PackageCache\com.unity.xr.oculus@1.8.1\Runtime\OculusLoader.cs:228 

(Filename: C:/Users/DMC CONET/Documents/GitHub/VillainOst/fgfdjkglg/Library/PackageCache/com.unity.xr.oculus@1.8.1/Runtime/OculusLoader.cs Line: 243)

Mono: successfully reloaded assembly
- Completed reload, in  0.988 seconds
Platform modules already initialized, skipping
Switching build target platform(5) subTarget(0) extendedPlatform(0) -> platform(13) subTarget(589824) extendedPlatform(0)
Refreshing native plugins compatible for Editor in 0.66 ms, found 6 plugins.
Preloading 1 native plugins for Editor in 0.08 ms.
Unloading 2008 Unused Serialized files (Serialized files now loaded: 0)
System memory in use before: 178.1 MB.
System memory in use after: 178.2 MB.

Unloading 12 unused Assets to reduce memory usage. Loaded Objects now: 2661.
Total: 2.223400 ms (FindLiveObjects: 0.233300 ms CreateObjectMapping: 0.079600 ms MarkObjects: 1.894100 ms  DeleteObjects: 0.015000 ms)

AssetImportParameters requested are different than current active one (requested -> active):
  custom:graphics/normal-map-encoding: 01000000000000000000000000000000 -> 02000000000000000000000000000000
========================================================================
Received Prepare
Registering precompiled user dll's ...
Registered in 0.002228 seconds.
Begin MonoManager ReloadAssembly
Native extension for WindowsStandalone target not found
Refreshing native plugins compatible for Editor in 0.67 ms, found 6 plugins.
Preloading 1 native plugins for Editor in 0.08 ms.
Invoked RoslynAnalysisRunner static constructor.
RoslynAnalysisRunner will not be running.
RoslynAnalysisRunner has terminated.
NullReferenceException: Object reference not set to an instance of an object
  at Unity.XR.Oculus.OculusLoader.AssetPathToAbsolutePath (System.String assetPath) [0x0004c] in C:\Users\DMC CONET\Documents\GitHub\VillainOst\fgfdjkglg\Library\PackageCache\com.unity.xr.oculus@1.8.1\Runtime\OculusLoader.cs:243 
  at Unity.XR.Oculus.OculusLoader.EditorLoadOVRPlugin () [0x000b0] in C:\Users\DMC CONET\Documents\GitHub\VillainOst\fgfdjkglg\Library\PackageCache\com.unity.xr.oculus@1.8.1\Runtime\OculusLoader.cs:228 

(Filename: C:/Users/DMC CONET/Documents/GitHub/VillainOst/fgfdjkglg/Library/PackageCache/com.unity.xr.oculus@1.8.1/Runtime/OculusLoader.cs Line: 243)

Mono: successfully reloaded assembly
- Completed reload, in  0.976 seconds
Platform modules already initialized, skipping
Switching build target platform(5) subTarget(0) extendedPlatform(0) -> platform(13) subTarget(589824) extendedPlatform(0)
Refreshing native plugins compatible for Editor in 0.67 ms, found 6 plugins.
Preloading 1 native plugins for Editor in 0.08 ms.
Unloading 2008 Unused Serialized files (Serialized files now loaded: 0)
System memory in use before: 178.1 MB.
System memory in use after: 178.2 MB.

Unloading 12 unused Assets to reduce memory usage. Loaded Objects now: 2665.
Total: 2.007400 ms (FindLiveObjects: 0.288200 ms CreateObjectMapping: 0.072900 ms MarkObjects: 1.614900 ms  DeleteObjects: 0.030600 ms)

AssetImportParameters requested are different than current active one (requested -> active):
  custom:graphics/normal-map-encoding: 01000000000000000000000000000000 -> 02000000000000000000000000000000
========================================================================
Received Import Request.
  Time since last request: 1604.204539 seconds.
  path: Assets/Scripts/C/IDamage.cs
  artifactKey: Guid(ff4c10e6ad82d8e4e96f8050fd62a234) Importer(815301076,1909f56bfc062723c751e8b465ee728b)
Start importing Assets/Scripts/C/IDamage.cs using Guid(ff4c10e6ad82d8e4e96f8050fd62a234) Importer(815301076,1909f56bfc062723c751e8b465ee728b)  -> (artifact id: 'c47ed298ad7cf9cefe0caea1ef6bb4c2') in 0.012301 seconds
  Import took 0.016921 seconds .

========================================================================
Received Prepare
Registering precompiled user dll's ...
Registered in 0.002797 seconds.
Begin MonoManager ReloadAssembly
Native extension for WindowsStandalone target not found
Refreshing native plugins compatible for Editor in 0.67 ms, found 6 plugins.
Preloading 1 native plugins for Editor in 0.08 ms.
Invoked RoslynAnalysisRunner static constructor.
RoslynAnalysisRunner will not be running.
RoslynAnalysisRunner has terminated.
NullReferenceException: Object reference not set to an instance of an object
  at Unity.XR.Oculus.OculusLoader.AssetPathToAbsolutePath (System.String assetPath) [0x0004c] in C:\Users\DMC CONET\Documents\GitHub\VillainOst\fgfdjkglg\Library\PackageCache\com.unity.xr.oculus@1.8.1\Runtime\OculusLoader.cs:243 
  at Unity.XR.Oculus.OculusLoader.EditorLoadOVRPlugin () [0x000b0] in C:\Users\DMC CONET\Documents\GitHub\VillainOst\fgfdjkglg\Library\PackageCache\com.unity.xr.oculus@1.8.1\Runtime\OculusLoader.cs:228 

(Filename: C:/Users/DMC CONET/Documents/GitHub/VillainOst/fgfdjkglg/Library/PackageCache/com.unity.xr.oculus@1.8.1/Runtime/OculusLoader.cs Line: 243)

Mono: successfully reloaded assembly
- Completed reload, in  1.025 seconds
Platform modules already initialized, skipping
Switching build target platform(5) subTarget(0) extendedPlatform(0) -> platform(13) subTarget(589824) extendedPlatform(0)
Refreshing native plugins compatible for Editor in 0.69 ms, found 6 plugins.
Preloading 1 native plugins for Editor in 0.09 ms.
Unloading 2009 Unused Serialized files (Serialized files now loaded: 0)
System memory in use before: 178.1 MB.
System memory in use after: 178.3 MB.

Unloading 12 unused Assets to reduce memory usage. Loaded Objects now: 2670.
Total: 2.385300 ms (FindLiveObjects: 0.371800 ms CreateObjectMapping: 0.116100 ms MarkObjects: 1.878400 ms  DeleteObjects: 0.017200 ms)

AssetImportParameters requested are different than current active one (requested -> active):
  custom:graphics/normal-map-encoding: 01000000000000000000000000000000 -> 02000000000000000000000000000000
========================================================================
Received Prepare
Registering precompiled user dll's ...
Registered in 0.002250 seconds.
Begin MonoManager ReloadAssembly
Native extension for WindowsStandalone target not found
Refreshing native plugins compatible for Editor in 0.66 ms, found 6 plugins.
Preloading 1 native plugins for Editor in 0.08 ms.
Invoked RoslynAnalysisRunner static constructor.
RoslynAnalysisRunner will not be running.
RoslynAnalysisRunner has terminated.
NullReferenceException: Object reference not set to an instance of an object
  at Unity.XR.Oculus.OculusLoader.AssetPathToAbsolutePath (System.String assetPath) [0x0004c] in C:\Users\DMC CONET\Documents\GitHub\VillainOst\fgfdjkglg\Library\PackageCache\com.unity.xr.oculus@1.8.1\Runtime\OculusLoader.cs:243 
  at Unity.XR.Oculus.OculusLoader.EditorLoadOVRPlugin () [0x000b0] in C:\Users\DMC CONET\Documents\GitHub\VillainOst\fgfdjkglg\Library\PackageCache\com.unity.xr.oculus@1.8.1\Runtime\OculusLoader.cs:228 

(Filename: C:/Users/DMC CONET/Documents/GitHub/VillainOst/fgfdjkglg/Library/PackageCache/com.unity.xr.oculus@1.8.1/Runtime/OculusLoader.cs Line: 243)

Mono: successfully reloaded assembly
- Completed reload, in  0.981 seconds
Platform modules already initialized, skipping
Switching build target platform(5) subTarget(0) extendedPlatform(0) -> platform(13) subTarget(589824) extendedPlatform(0)
Refreshing native plugins compatible for Editor in 0.66 ms, found 6 plugins.
Preloading 1 native plugins for Editor in 0.08 ms.
Unloading 2009 Unused Serialized files (Serialized files now loaded: 0)
System memory in use before: 178.1 MB.
System memory in use after: 178.3 MB.

Unloading 12 unused Assets to reduce memory usage. Loaded Objects now: 2674.
Total: 2.135300 ms (FindLiveObjects: 0.260600 ms CreateObjectMapping: 0.083500 ms MarkObjects: 1.776800 ms  DeleteObjects: 0.013400 ms)

AssetImportParameters requested are different than current active one (requested -> active):
  custom:graphics/normal-map-encoding: 01000000000000000000000000000000 -> 02000000000000000000000000000000
========================================================================
Received Import Request.
  Time since last request: 235.603049 seconds.
  path: Assets/Scripts/C/IDamage.cs
  artifactKey: Guid(ff4c10e6ad82d8e4e96f8050fd62a234) Importer(815301076,1909f56bfc062723c751e8b465ee728b)
Start importing Assets/Scripts/C/IDamage.cs using Guid(ff4c10e6ad82d8e4e96f8050fd62a234) Importer(815301076,1909f56bfc062723c751e8b465ee728b)  -> (artifact id: '3e2782cae344deaebce9c7df069d4795') in 0.004415 seconds
  Import took 0.008579 seconds .

========================================================================
Received Prepare
Registering precompiled user dll's ...
Registered in 0.002292 seconds.
Begin MonoManager ReloadAssembly
Native extension for WindowsStandalone target not found
Refreshing native plugins compatible for Editor in 0.69 ms, found 6 plugins.
Preloading 1 native plugins for Editor in 0.08 ms.
Invoked RoslynAnalysisRunner static constructor.
RoslynAnalysisRunner will not be running.
RoslynAnalysisRunner has terminated.
NullReferenceException: Object reference not set to an instance of an object
  at Unity.XR.Oculus.OculusLoader.AssetPathToAbsolutePath (System.String assetPath) [0x0004c] in C:\Users\DMC CONET\Documents\GitHub\VillainOst\fgfdjkglg\Library\PackageCache\com.unity.xr.oculus@1.8.1\Runtime\OculusLoader.cs:243 
  at Unity.XR.Oculus.OculusLoader.EditorLoadOVRPlugin () [0x000b0] in C:\Users\DMC CONET\Documents\GitHub\VillainOst\fgfdjkglg\Library\PackageCache\com.unity.xr.oculus@1.8.1\Runtime\OculusLoader.cs:228 

(Filename: C:/Users/DMC CONET/Documents/GitHub/VillainOst/fgfdjkglg/Library/PackageCache/com.unity.xr.oculus@1.8.1/Runtime/OculusLoader.cs Line: 243)

Mono: successfully reloaded assembly
- Completed reload, in  0.976 seconds
Platform modules already initialized, skipping
Switching build target platform(5) subTarget(0) extendedPlatform(0) -> platform(13) subTarget(589824) extendedPlatform(0)
Refreshing native plugins compatible for Editor in 0.66 ms, found 6 plugins.
Preloading 1 native plugins for Editor in 0.08 ms.
Unloading 2009 Unused Serialized files (Serialized files now loaded: 0)
System memory in use before: 178.2 MB.
System memory in use after: 178.3 MB.

Unloading 12 unused Assets to reduce memory usage. Loaded Objects now: 2678.
Total: 2.204800 ms (FindLiveObjects: 0.220400 ms CreateObjectMapping: 0.074700 ms MarkObjects: 1.894400 ms  DeleteObjects: 0.014300 ms)

AssetImportParameters requested are different than current active one (requested -> active):
  custom:graphics/normal-map-encoding: 01000000000000000000000000000000 -> 02000000000000000000000000000000
========================================================================
Received Prepare
Registering precompiled user dll's ...
Registered in 0.002384 seconds.
Begin MonoManager ReloadAssembly
Native extension for WindowsStandalone target not found
Refreshing native plugins compatible for Editor in 0.67 ms, found 6 plugins.
Preloading 1 native plugins for Editor in 0.08 ms.
Invoked RoslynAnalysisRunner static constructor.
RoslynAnalysisRunner will not be running.
RoslynAnalysisRunner has terminated.
NullReferenceException: Object reference not set to an instance of an object
  at Unity.XR.Oculus.OculusLoader.AssetPathToAbsolutePath (System.String assetPath) [0x0004c] in C:\Users\DMC CONET\Documents\GitHub\VillainOst\fgfdjkglg\Library\PackageCache\com.unity.xr.oculus@1.8.1\Runtime\OculusLoader.cs:243 
  at Unity.XR.Oculus.OculusLoader.EditorLoadOVRPlugin () [0x000b0] in C:\Users\DMC CONET\Documents\GitHub\VillainOst\fgfdjkglg\Library\PackageCache\com.unity.xr.oculus@1.8.1\Runtime\OculusLoader.cs:228 

(Filename: C:/Users/DMC CONET/Documents/GitHub/VillainOst/fgfdjkglg/Library/PackageCache/com.unity.xr.oculus@1.8.1/Runtime/OculusLoader.cs Line: 243)

Mono: successfully reloaded assembly
- Completed reload, in  0.992 seconds
Platform modules already initialized, skipping
Switching build target platform(5) subTarget(0) extendedPlatform(0) -> platform(13) subTarget(589824) extendedPlatform(0)
Refreshing native plugins compatible for Editor in 0.66 ms, found 6 plugins.
Preloading 1 native plugins for Editor in 0.07 ms.
Unloading 2009 Unused Serialized files (Serialized files now loaded: 0)
System memory in use before: 178.2 MB.
System memory in use after: 178.3 MB.

Unloading 12 unused Assets to reduce memory usage. Loaded Objects now: 2682.
Total: 1.998600 ms (FindLiveObjects: 0.198300 ms CreateObjectMapping: 0.067700 ms MarkObjects: 1.718400 ms  DeleteObjects: 0.013500 ms)

AssetImportParameters requested are different than current active one (requested -> active):
  custom:graphics/normal-map-encoding: 01000000000000000000000000000000 -> 02000000000000000000000000000000
========================================================================
Received Prepare
Registering precompiled user dll's ...
Registered in 0.002734 seconds.
Begin MonoManager ReloadAssembly
Native extension for WindowsStandalone target not found
Refreshing native plugins compatible for Editor in 1.00 ms, found 6 plugins.
Preloading 1 native plugins for Editor in 0.11 ms.
Invoked RoslynAnalysisRunner static constructor.
RoslynAnalysisRunner will not be running.
RoslynAnalysisRunner has terminated.
NullReferenceException: Object reference not set to an instance of an object
  at Unity.XR.Oculus.OculusLoader.AssetPathToAbsolutePath (System.String assetPath) [0x0004c] in C:\Users\DMC CONET\Documents\GitHub\VillainOst\fgfdjkglg\Library\PackageCache\com.unity.xr.oculus@1.8.1\Runtime\OculusLoader.cs:243 
  at Unity.XR.Oculus.OculusLoader.EditorLoadOVRPlugin () [0x000b0] in C:\Users\DMC CONET\Documents\GitHub\VillainOst\fgfdjkglg\Library\PackageCache\com.unity.xr.oculus@1.8.1\Runtime\OculusLoader.cs:228 

(Filename: C:/Users/DMC CONET/Documents/GitHub/VillainOst/fgfdjkglg/Library/PackageCache/com.unity.xr.oculus@1.8.1/Runtime/OculusLoader.cs Line: 243)

Mono: successfully reloaded assembly
- Completed reload, in  1.113 seconds
Platform modules already initialized, skipping
Switching build target platform(5) subTarget(0) extendedPlatform(0) -> platform(13) subTarget(589824) extendedPlatform(0)
Refreshing native plugins compatible for Editor in 0.78 ms, found 6 plugins.
Preloading 1 native plugins for Editor in 0.09 ms.
Unloading 2009 Unused Serialized files (Serialized files now loaded: 0)
System memory in use before: 178.2 MB.
System memory in use after: 178.3 MB.

Unloading 12 unused Assets to reduce memory usage. Loaded Objects now: 2686.
Total: 2.092400 ms (FindLiveObjects: 0.327200 ms CreateObjectMapping: 0.072500 ms MarkObjects: 1.677900 ms  DeleteObjects: 0.013600 ms)

AssetImportParameters requested are different than current active one (requested -> active):
  custom:graphics/normal-map-encoding: 01000000000000000000000000000000 -> 02000000000000000000000000000000
========================================================================
Received Prepare
Registering precompiled user dll's ...
Registered in 0.002325 seconds.
Begin MonoManager ReloadAssembly
Native extension for WindowsStandalone target not found
Refreshing native plugins compatible for Editor in 1.09 ms, found 6 plugins.
Preloading 1 native plugins for Editor in 0.11 ms.
Invoked RoslynAnalysisRunner static constructor.
RoslynAnalysisRunner will not be running.
RoslynAnalysisRunner has terminated.
NullReferenceException: Object reference not set to an instance of an object
  at Unity.XR.Oculus.OculusLoader.AssetPathToAbsolutePath (System.String assetPath) [0x0004c] in C:\Users\DMC CONET\Documents\GitHub\VillainOst\fgfdjkglg\Library\PackageCache\com.unity.xr.oculus@1.8.1\Runtime\OculusLoader.cs:243 
  at Unity.XR.Oculus.OculusLoader.EditorLoadOVRPlugin () [0x000b0] in C:\Users\DMC CONET\Documents\GitHub\VillainOst\fgfdjkglg\Library\PackageCache\com.unity.xr.oculus@1.8.1\Runtime\OculusLoader.cs:228 

(Filename: C:/Users/DMC CONET/Documents/GitHub/VillainOst/fgfdjkglg/Library/PackageCache/com.unity.xr.oculus@1.8.1/Runtime/OculusLoader.cs Line: 243)

Mono: successfully reloaded assembly
- Completed reload, in  1.019 seconds
Platform modules already initialized, skipping
Switching build target platform(5) subTarget(0) extendedPlatform(0) -> platform(13) subTarget(589824) extendedPlatform(0)
Refreshing native plugins compatible for Editor in 0.68 ms, found 6 plugins.
Preloading 1 native plugins for Editor in 0.08 ms.
Unloading 2009 Unused Serialized files (Serialized files now loaded: 0)
System memory in use before: 178.2 MB.
System memory in use after: 178.3 MB.

Unloading 12 unused Assets to reduce memory usage. Loaded Objects now: 2690.
Total: 2.051800 ms (FindLiveObjects: 0.221400 ms CreateObjectMapping: 0.069400 ms MarkObjects: 1.746700 ms  DeleteObjects: 0.013400 ms)

AssetImportParameters requested are different than current active one (requested -> active):
  custom:graphics/normal-map-encoding: 01000000000000000000000000000000 -> 02000000000000000000000000000000
========================================================================
Received Import Request.
  Time since last request: 818.746911 seconds.
  path: Assets/Scripts/C/MonsterCtrl2_C.cs
  artifactKey: Guid(705039916966910439a0d682449641f9) Importer(815301076,1909f56bfc062723c751e8b465ee728b)
Start importing Assets/Scripts/C/MonsterCtrl2_C.cs using Guid(705039916966910439a0d682449641f9) Importer(815301076,1909f56bfc062723c751e8b465ee728b)  -> (artifact id: 'b2eae4188e1ce451a944852903a6755b') in 0.008754 seconds
  Import took 0.013192 seconds .

========================================================================
Received Import Request.
  Time since last request: 6.066768 seconds.
  path: Assets/Scripts/C/MonsterCtrl3_C.cs
  artifactKey: Guid(c8d9fc09cf3887241b43b9e42a5ad156) Importer(815301076,1909f56bfc062723c751e8b465ee728b)
Start importing Assets/Scripts/C/MonsterCtrl3_C.cs using Guid(c8d9fc09cf3887241b43b9e42a5ad156) Importer(815301076,1909f56bfc062723c751e8b465ee728b)  -> (artifact id: 'a61bb0da764ed2ec7799cc54a3dce60b') in 0.001988 seconds
  Import took 0.006131 seconds .

========================================================================
Received Import Request.
  Time since last request: 0.000492 seconds.
  path: Assets/Scripts/C/MonsterCtrl3_C.cs
  artifactKey: Guid(c8d9fc09cf3887241b43b9e42a5ad156) Importer(815301076,1909f56bfc062723c751e8b465ee728b)
Start importing Assets/Scripts/C/MonsterCtrl3_C.cs using Guid(c8d9fc09cf3887241b43b9e42a5ad156) Importer(815301076,1909f56bfc062723c751e8b465ee728b)  -> (artifact id: 'a61bb0da764ed2ec7799cc54a3dce60b') in 0.002923 seconds
  Import took 0.006205 seconds .

========================================================================
Received Import Request.
  Time since last request: 0.401590 seconds.
  path: Assets/Scripts/C/MonsterCtrl4_C.cs
  artifactKey: Guid(bf9b0fa2a761aa044bccaf069217e148) Importer(815301076,1909f56bfc062723c751e8b465ee728b)
Start importing Assets/Scripts/C/MonsterCtrl4_C.cs using Guid(bf9b0fa2a761aa044bccaf069217e148) Importer(815301076,1909f56bfc062723c751e8b465ee728b)  -> (artifact id: 'e2943634ee634558c28e3445b6c6130b') in 0.005770 seconds
  Import took 0.009752 seconds .

========================================================================
Received Import Request.
  Time since last request: 0.001166 seconds.
  path: Assets/Scripts/C/MonsterCtrl4_C.cs
  artifactKey: Guid(bf9b0fa2a761aa044bccaf069217e148) Importer(815301076,1909f56bfc062723c751e8b465ee728b)
Start importing Assets/Scripts/C/MonsterCtrl4_C.cs using Guid(bf9b0fa2a761aa044bccaf069217e148) Importer(815301076,1909f56bfc062723c751e8b465ee728b)  -> (artifact id: 'e2943634ee634558c28e3445b6c6130b') in 0.002072 seconds
  Import took 0.005504 seconds .

========================================================================
Received Import Request.
  Time since last request: 0.367263 seconds.
  path: Assets/Scripts/C/MonsterCtrl_C.cs
  artifactKey: Guid(29f4481a30178134db85d45fba5b2dfb) Importer(815301076,1909f56bfc062723c751e8b465ee728b)
Start importing Assets/Scripts/C/MonsterCtrl_C.cs using Guid(29f4481a30178134db85d45fba5b2dfb) Importer(815301076,1909f56bfc062723c751e8b465ee728b)  -> (artifact id: '473c1040ec6e8a303724ed96432e167f') in 0.002570 seconds
  Import took 0.006683 seconds .

========================================================================
Received Prepare
Registering precompiled user dll's ...
Registered in 0.002366 seconds.
Begin MonoManager ReloadAssembly
Native extension for WindowsStandalone target not found
Refreshing native plugins compatible for Editor in 0.70 ms, found 6 plugins.
Preloading 1 native plugins for Editor in 0.09 ms.
Invoked RoslynAnalysisRunner static constructor.
RoslynAnalysisRunner will not be running.
RoslynAnalysisRunner has terminated.
NullReferenceException: Object reference not set to an instance of an object
  at Unity.XR.Oculus.OculusLoader.AssetPathToAbsolutePath (System.String assetPath) [0x0004c] in C:\Users\DMC CONET\Documents\GitHub\VillainOst\fgfdjkglg\Library\PackageCache\com.unity.xr.oculus@1.8.1\Runtime\OculusLoader.cs:243 
  at Unity.XR.Oculus.OculusLoader.EditorLoadOVRPlugin () [0x000b0] in C:\Users\DMC CONET\Documents\GitHub\VillainOst\fgfdjkglg\Library\PackageCache\com.unity.xr.oculus@1.8.1\Runtime\OculusLoader.cs:228 

(Filename: C:/Users/DMC CONET/Documents/GitHub/VillainOst/fgfdjkglg/Library/PackageCache/com.unity.xr.oculus@1.8.1/Runtime/OculusLoader.cs Line: 243)

Mono: successfully reloaded assembly
- Completed reload, in  0.995 seconds
Platform modules already initialized, skipping
Switching build target platform(5) subTarget(0) extendedPlatform(0) -> platform(13) subTarget(589824) extendedPlatform(0)
Refreshing native plugins compatible for Editor in 0.65 ms, found 6 plugins.
Preloading 1 native plugins for Editor in 0.07 ms.
Unloading 2009 Unused Serialized files (Serialized files now loaded: 0)
System memory in use before: 178.2 MB.
System memory in use after: 178.3 MB.

Unloading 12 unused Assets to reduce memory usage. Loaded Objects now: 2694.
Total: 2.205500 ms (FindLiveObjects: 0.193100 ms CreateObjectMapping: 0.062900 ms MarkObjects: 1.934300 ms  DeleteObjects: 0.014500 ms)

AssetImportParameters requested are different than current active one (requested -> active):
  custom:graphics/normal-map-encoding: 01000000000000000000000000000000 -> 02000000000000000000000000000000
AssetImportWorkerClient::OnTransportError - code=2 error=End of file
