Using pre-set license
Built from '2020.3/staging' branch; Version is '2020.3.3f1 (76626098c1c4) revision 7758432'; Using compiler version '192528614'; Build Type 'Release'
OS: 'Windows 10 Pro; OS build 19042.1052; Version 2009; 64bit' Language: 'ko' Physical Memory: 16315 MB
BatchMode: 1, IsHumanControllingUs: 0, StartBugReporterOnCrash: 0, Is64bit: 1, IsPro: 0

 COMMAND LINE ARGUMENTS:
C:\Program Files\Unity\Hub\Editor\2020.3.3f1\Editor\Unity.exe
-adb2
-batchMode
-noUpm
-name
AssetImportWorker0
-projectPath
C:/Users/DMC CONET/Desktop/GoTaek_VR/fgfdjkglg
-logFile
Logs/AssetImportWorker0.log
-srvPort
56711
Successfully changed project path to: C:/Users/DMC CONET/Desktop/GoTaek_VR/fgfdjkglg
C:/Users/DMC CONET/Desktop/GoTaek_VR/fgfdjkglg
Using Asset Import Pipeline V2.
Refreshing native plugins compatible for Editor in 61.62 ms, found 6 plugins.
Preloading 1 native plugins for Editor in 0.63 ms.
Initialize engine version: 2020.3.3f1 (76626098c1c4)
[Subsystems] Discovering subsystems at path C:/Program Files/Unity/Hub/Editor/2020.3.3f1/Editor/Data/Resources/UnitySubsystems
[Subsystems] Discovering subsystems at path C:/Users/DMC CONET/Desktop/GoTaek_VR/fgfdjkglg/Assets
GfxDevice: creating device client; threaded=0
Direct3D:
    Version:  Direct3D 11.0 [level 11.1]
    Renderer: NVIDIA GeForce GTX 1660 SUPER (ID=0x21c4)
    Vendor:   
    VRAM:     5991 MB
    Driver:   27.21.14.5751
Initialize mono
Mono path[0] = 'C:/Program Files/Unity/Hub/Editor/2020.3.3f1/Editor/Data/Managed'
Mono path[1] = 'C:/Program Files/Unity/Hub/Editor/2020.3.3f1/Editor/Data/MonoBleedingEdge/lib/mono/unityjit'
Mono config path = 'C:/Program Files/Unity/Hub/Editor/2020.3.3f1/Editor/Data/MonoBleedingEdge/etc'
Using monoOptions --debugger-agent=transport=dt_socket,embedding=1,server=y,suspend=n,address=127.0.0.1:56672
Begin MonoManager ReloadAssembly
Registering precompiled unity dll's ...
Register platform support module: C:/Program Files/Unity/Hub/Editor/2020.3.3f1/Editor/Data/PlaybackEngines/WindowsStandaloneSupport/UnityEditor.WindowsStandalone.Extensions.dll
Registered in 0.001555 seconds.
Native extension for WindowsStandalone target not found
Refreshing native plugins compatible for Editor in 58.59 ms, found 6 plugins.
Preloading 1 native plugins for Editor in 0.09 ms.
Invoked RoslynAnalysisRunner static constructor.
RoslynAnalysisRunner will not be running.
RoslynAnalysisRunner has terminated.
Mono: successfully reloaded assembly
- Completed reload, in  1.766 seconds
Platform modules already initialized, skipping
Registering precompiled user dll's ...
Registered in 0.002230 seconds.
Begin MonoManager ReloadAssembly
Native extension for WindowsStandalone target not found
Refreshing native plugins compatible for Editor in 56.95 ms, found 6 plugins.
Preloading 1 native plugins for Editor in 0.07 ms.
Invoked RoslynAnalysisRunner static constructor.
RoslynAnalysisRunner will not be running.
RoslynAnalysisRunner has terminated.
NullReferenceException: Object reference not set to an instance of an object
  at Unity.XR.Oculus.OculusLoader.AssetPathToAbsolutePath (System.String assetPath) [0x0004c] in C:\Users\DMC CONET\Documents\GitHub\VillainOst\fgfdjkglg\Library\PackageCache\com.unity.xr.oculus@1.8.1\Runtime\OculusLoader.cs:243 
  at Unity.XR.Oculus.OculusLoader.EditorLoadOVRPlugin () [0x000b0] in C:\Users\DMC CONET\Documents\GitHub\VillainOst\fgfdjkglg\Library\PackageCache\com.unity.xr.oculus@1.8.1\Runtime\OculusLoader.cs:228 

(Filename: C:/Users/DMC CONET/Documents/GitHub/VillainOst/fgfdjkglg/Library/PackageCache/com.unity.xr.oculus@1.8.1/Runtime/OculusLoader.cs Line: 243)

Mono: successfully reloaded assembly
- Completed reload, in  0.930 seconds
Platform modules already initialized, skipping
========================================================================
Worker process is ready to serve import requests
Launched and connected shader compiler UnityShaderCompiler.exe after 0.03 seconds
Refreshing native plugins compatible for Editor in 0.66 ms, found 6 plugins.
Preloading 1 native plugins for Editor in 0.07 ms.
Unloading 2081 Unused Serialized files (Serialized files now loaded: 0)
System memory in use before: 181.8 MB.
System memory in use after: 181.9 MB.

Unloading 23 unused Assets to reduce memory usage. Loaded Objects now: 2548.
Total: 2.149300 ms (FindLiveObjects: 0.261100 ms CreateObjectMapping: 0.105000 ms MarkObjects: 1.684700 ms  DeleteObjects: 0.082700 ms)

========================================================================
Received Import Request.
  path: Assets/EffectExamples/Fire & Explosion Effects/Prefabs/EnergyExplosion.prefab
  artifactKey: Guid(9bba9cf244c53c5439505dfc96fdd11c) Importer(815301076,1909f56bfc062723c751e8b465ee728b)
Start importing Assets/EffectExamples/Fire & Explosion Effects/Prefabs/EnergyExplosion.prefab using Guid(9bba9cf244c53c5439505dfc96fdd11c) Importer(815301076,1909f56bfc062723c751e8b465ee728b)  -> (artifact id: '56e2f10528c2ab2c8e112a6505977667') in 0.035374 seconds
  Import took 0.038947 seconds .

========================================================================
Received Import Request.
  Time since last request: 0.000302 seconds.
  path: Assets/EffectExamples/Fire & Explosion Effects/Materials/EnergyExplosion.mat
  artifactKey: Guid(bf88af72084132746823869f28b070f8) Importer(815301076,1909f56bfc062723c751e8b465ee728b)
Start importing Assets/EffectExamples/Fire & Explosion Effects/Materials/EnergyExplosion.mat using Guid(bf88af72084132746823869f28b070f8) Importer(815301076,1909f56bfc062723c751e8b465ee728b)  -> (artifact id: 'c83dc06a8bd1afe77acfa3f7fd7851d9') in 0.295749 seconds
  Import took 0.299048 seconds .

========================================================================
Received Import Request.
  Time since last request: 58.339348 seconds.
  path: Assets/DriveDown/specks
  artifactKey: Guid(6ddadf8220703234397036f63b2d0612) Importer(815301076,1909f56bfc062723c751e8b465ee728b)
Start importing Assets/DriveDown/specks using Guid(6ddadf8220703234397036f63b2d0612) Importer(815301076,1909f56bfc062723c751e8b465ee728b)  -> (artifact id: '91259305e2499109023b066b9f5cbeda') in 0.006019 seconds
  Import took 0.009421 seconds .

========================================================================
Received Import Request.
  Time since last request: 0.558234 seconds.
  path: Assets/DriveDown/acrylics
  artifactKey: Guid(92f5a4ac5c78314499f9ddcba316aaca) Importer(815301076,1909f56bfc062723c751e8b465ee728b)
Start importing Assets/DriveDown/acrylics using Guid(92f5a4ac5c78314499f9ddcba316aaca) Importer(815301076,1909f56bfc062723c751e8b465ee728b)  -> (artifact id: 'fc4a2f6d1d5a56062b2bede9d8144cdd') in 0.005484 seconds
  Import took 0.008809 seconds .

========================================================================
Received Import Request.
  Time since last request: 0.007882 seconds.
  path: Assets/DriveDown/acrylics
  artifactKey: Guid(92f5a4ac5c78314499f9ddcba316aaca) Importer(815301076,1909f56bfc062723c751e8b465ee728b)
Start importing Assets/DriveDown/acrylics using Guid(92f5a4ac5c78314499f9ddcba316aaca) Importer(815301076,1909f56bfc062723c751e8b465ee728b)  -> (artifact id: 'fc4a2f6d1d5a56062b2bede9d8144cdd') in 0.001804 seconds
  Import took 0.004982 seconds .

========================================================================
Received Import Request.
  Time since last request: 14.755697 seconds.
  path: Assets/DriveDown/EnergyPoint.prefab
  artifactKey: Guid(a27a781607ee88444b948f4a54b69343) Importer(815301076,1909f56bfc062723c751e8b465ee728b)
Start importing Assets/DriveDown/EnergyPoint.prefab using Guid(a27a781607ee88444b948f4a54b69343) Importer(815301076,1909f56bfc062723c751e8b465ee728b)  -> (artifact id: 'e229bf16116773be2e283fc1353e5f18') in 0.004598 seconds
  Import took 0.008242 seconds .

========================================================================
Received Import Request.
  Time since last request: 0.002691 seconds.
  path: Assets/DriveDown/EnergyPoint.prefab
  artifactKey: Guid(a27a781607ee88444b948f4a54b69343) Importer(815301076,1909f56bfc062723c751e8b465ee728b)
Start importing Assets/DriveDown/EnergyPoint.prefab using Guid(a27a781607ee88444b948f4a54b69343) Importer(815301076,1909f56bfc062723c751e8b465ee728b)  -> (artifact id: 'e229bf16116773be2e283fc1353e5f18') in 0.003785 seconds
  Import took 0.007268 seconds .

========================================================================
Received Import Request.
  Time since last request: 0.011067 seconds.
  path: Assets/DriveDown/acrylics/Materials/40.mat
  artifactKey: Guid(e42a1ded277bfcf48b31f2da0ab33a13) Importer(815301076,1909f56bfc062723c751e8b465ee728b)
Start importing Assets/DriveDown/acrylics/Materials/40.mat using Guid(e42a1ded277bfcf48b31f2da0ab33a13) Importer(815301076,1909f56bfc062723c751e8b465ee728b)  -> (artifact id: '6e7c911b0705767ce0ac9aa0821b23d4') in 0.036734 seconds
  Import took 0.040147 seconds .

========================================================================
Received Prepare
Registering precompiled user dll's ...
Registered in 0.002247 seconds.
Begin MonoManager ReloadAssembly
Native extension for WindowsStandalone target not found
Refreshing native plugins compatible for Editor in 0.69 ms, found 6 plugins.
Preloading 1 native plugins for Editor in 0.08 ms.
Invoked RoslynAnalysisRunner static constructor.
RoslynAnalysisRunner will not be running.
RoslynAnalysisRunner has terminated.
NullReferenceException: Object reference not set to an instance of an object
  at Unity.XR.Oculus.OculusLoader.AssetPathToAbsolutePath (System.String assetPath) [0x0004c] in C:\Users\DMC CONET\Documents\GitHub\VillainOst\fgfdjkglg\Library\PackageCache\com.unity.xr.oculus@1.8.1\Runtime\OculusLoader.cs:243 
  at Unity.XR.Oculus.OculusLoader.EditorLoadOVRPlugin () [0x000b0] in C:\Users\DMC CONET\Documents\GitHub\VillainOst\fgfdjkglg\Library\PackageCache\com.unity.xr.oculus@1.8.1\Runtime\OculusLoader.cs:228 

(Filename: C:/Users/DMC CONET/Documents/GitHub/VillainOst/fgfdjkglg/Library/PackageCache/com.unity.xr.oculus@1.8.1/Runtime/OculusLoader.cs Line: 243)

Mono: successfully reloaded assembly
- Completed reload, in  0.836 seconds
Platform modules already initialized, skipping
Switching build target platform(5) subTarget(0) extendedPlatform(0) -> platform(13) subTarget(589830) extendedPlatform(0)
Refreshing native plugins compatible for Editor in 0.68 ms, found 6 plugins.
Preloading 1 native plugins for Editor in 0.07 ms.
Unloading 2014 Unused Serialized files (Serialized files now loaded: 0)
System memory in use before: 189.2 MB.
System memory in use after: 189.3 MB.

Unloading 12 unused Assets to reduce memory usage. Loaded Objects now: 2594.
Total: 1.809600 ms (FindLiveObjects: 0.195700 ms CreateObjectMapping: 0.067200 ms MarkObjects: 1.534100 ms  DeleteObjects: 0.012000 ms)

AssetImportParameters requested are different than current active one (requested -> active):
  custom:graphics/normal-map-encoding: 01000000000000000000000000000000 -> 02000000000000000000000000000000
